#
# There is insufficient memory for the Java Runtime Environment to continue.
# Native memory allocation (malloc) failed to allocate 1909616 bytes for Chunk::new
# Possible reasons:
#   The system is out of physical RAM or swap space
#   The process is running with CompressedOops enabled, and the Java Heap may be blocking the growth of the native heap
# Possible solutions:
#   Reduce memory load on the system
#   Increase physical memory or swap space
#   Check if swap backing store is full
#   Decrease Java heap size (-Xmx/-Xms)
#   Decrease number of Java threads
#   Decrease Java thread stack sizes (-Xss)
#   Set larger code cache with -XX:ReservedCodeCacheSize=
#   JVM is running with Unscaled Compressed Oops mode in which the Java heap is
#     placed in the first 4GB address space. The Java Heap base address is the
#     maximum limit for the native heap growth. Please use -XX:HeapBaseMinAddress
#     to set the Java Heap base and to place the Java Heap above 4GB virtual address.
# This output file may be truncated or incomplete.
#
#  Out of Memory Error (arena.cpp:189), pid=35272, tid=10112
#
# JRE version: Java(TM) SE Runtime Environment (17.0.9+11) (build 17.0.9+11-LTS-201)
# Java VM: Java HotSpot(TM) 64-Bit Server VM (17.0.9+11-LTS-201, mixed mode, sharing, tiered, compressed oops, compressed class ptrs, g1 gc, windows-amd64)
# No core dump will be written. Minidumps are not enabled by default on client versions of Windows
#

---------------  S U M M A R Y ------------

Command Line: -ea -Dfile.encoding=UTF-8 -Dstdout.encoding=UTF-8 -Dstderr.encoding=UTF-8 -XX:+ShowCodeDetailsInExceptionMessages org.testng.remote.RemoteTestNG -serport 54624 -protocol json -d C:\Users\User\eclipse-workspace\Webportal\test-output C:\Users\User\AppData\Local\Temp\testng-eclipse--2090897814\testng-customsuite.xml

Host: 11th Gen Intel(R) Core(TM) i5-1135G7 @ 2.40GHz, 8 cores, 7G,  Windows 10 , 64 bit Build 19041 (10.0.19041.3570)
Time: Wed Nov 29 17:21:26 2023 India Standard Time elapsed time: 1.560638 seconds (0d 0h 0m 1s)

---------------  T H R E A D  ---------------

Current thread (0x00000131a2154ee0):  JavaThread "C2 CompilerThread0" daemon [_thread_in_native, id=10112, stack(0x0000001794300000,0x0000001794400000)]


Current CompileTask:
C2:   1560 1673       4       jdk.internal.org.objectweb.asm.Frame::execute (2305 bytes)

Stack: [0x0000001794300000,0x0000001794400000]
Native frames: (J=compiled Java code, j=interpreted, Vv=VM code, C=native code)
V  [jvm.dll+0x678a4a]
V  [jvm.dll+0x7d9cfd]
V  [jvm.dll+0x7db60e]
V  [jvm.dll+0x7dbc73]
V  [jvm.dll+0x245e1f]
V  [jvm.dll+0xaaafb]
V  [jvm.dll+0xab09c]
V  [jvm.dll+0x36237e]
V  [jvm.dll+0x32ca01]
V  [jvm.dll+0x32be9a]
V  [jvm.dll+0x21812f]
V  [jvm.dll+0x217561]
V  [jvm.dll+0x1a3bc0]
V  [jvm.dll+0x2272de]
V  [jvm.dll+0x22548b]
V  [jvm.dll+0x78f58c]
V  [jvm.dll+0x78998a]
V  [jvm.dll+0x677875]
C  [ucrtbase.dll+0x21bb2]
C  [KERNEL32.DLL+0x17344]
C  [ntdll.dll+0x526b1]


---------------  P R O C E S S  ---------------

Threads class SMR info:
_java_thread_list=0x00000131e84419b0, length=24, elements={
0x00000131841a9bc0, 0x00000131a2135470, 0x00000131a2135d40, 0x00000131a2145350,
0x00000131a2145c20, 0x00000131a2148500, 0x00000131a2148dd0, 0x00000131a2154ee0,
0x00000131a21557f0, 0x00000131a2160100, 0x00000131a2385270, 0x00000131a2393c10,
0x00000131a28e3560, 0x00000131a2db88d0, 0x00000131a2e388e0, 0x00000131a2e545c0,
0x00000131e841afa0, 0x00000131e83ac0a0, 0x00000131e84390a0, 0x00000131e8436d30,
0x00000131e8436820, 0x00000131e8435e00, 0x00000131e8437240, 0x00000131e8438b90
}

Java Threads: ( => current thread )
  0x00000131841a9bc0 JavaThread "Forwarding newSession on session null to remote" [_thread_blocked, id=8344, stack(0x0000001793600000,0x0000001793700000)]
  0x00000131a2135470 JavaThread "Reference Handler" daemon [_thread_blocked, id=31892, stack(0x0000001793d00000,0x0000001793e00000)]
  0x00000131a2135d40 JavaThread "Finalizer" daemon [_thread_blocked, id=3848, stack(0x0000001793e00000,0x0000001793f00000)]
  0x00000131a2145350 JavaThread "Signal Dispatcher" daemon [_thread_blocked, id=28092, stack(0x0000001793f00000,0x0000001794000000)]
  0x00000131a2145c20 JavaThread "Attach Listener" daemon [_thread_blocked, id=35760, stack(0x0000001794000000,0x0000001794100000)]
  0x00000131a2148500 JavaThread "Service Thread" daemon [_thread_blocked, id=21204, stack(0x0000001794100000,0x0000001794200000)]
  0x00000131a2148dd0 JavaThread "Monitor Deflation Thread" daemon [_thread_blocked, id=27816, stack(0x0000001794200000,0x0000001794300000)]
=>0x00000131a2154ee0 JavaThread "C2 CompilerThread0" daemon [_thread_in_native, id=10112, stack(0x0000001794300000,0x0000001794400000)]
  0x00000131a21557f0 JavaThread "C1 CompilerThread0" daemon [_thread_blocked, id=32516, stack(0x0000001794400000,0x0000001794500000)]
  0x00000131a2160100 JavaThread "Sweeper thread" daemon [_thread_blocked, id=3008, stack(0x0000001794500000,0x0000001794600000)]
  0x00000131a2385270 JavaThread "Notification Thread" daemon [_thread_blocked, id=29988, stack(0x0000001794600000,0x0000001794700000)]
  0x00000131a2393c10 JavaThread "Common-Cleaner" daemon [_thread_blocked, id=6012, stack(0x0000001794800000,0x0000001794900000)]
  0x00000131a28e3560 JavaThread "ReaderThread" [_thread_in_native, id=29084, stack(0x0000001794b00000,0x0000001794c00000)]
  0x00000131a2db88d0 JavaThread "ForkJoinPool.commonPool-worker-1" daemon [_thread_blocked, id=8856, stack(0x0000001795300000,0x0000001795400000)]
  0x00000131a2e388e0 JavaThread "C2 CompilerThread1" daemon [_thread_in_native, id=26056, stack(0x0000001795400000,0x0000001795500000)]
  0x00000131a2e545c0 JavaThread "HttpClient-1-SelectorManager" daemon [_thread_in_native, id=13976, stack(0x0000001795500000,0x0000001795600000)]
  0x00000131e841afa0 JavaThread "Thread-2" [_thread_in_native, id=144, stack(0x0000001795600000,0x0000001795700000)]
  0x00000131e83ac0a0 JavaThread "Driver Service Executor" daemon [_thread_blocked, id=30264, stack(0x0000001795700000,0x0000001795800000)]
  0x00000131e84390a0 JavaThread "Driver Service Executor" daemon [_thread_in_native, id=24924, stack(0x0000001795800000,0x0000001795900000)]
  0x00000131e8436d30 JavaThread "UrlChecker-2" daemon [_thread_blocked, id=32472, stack(0x0000001795900000,0x0000001795a00000)]
  0x00000131e8436820 JavaThread "Keep-Alive-Timer" daemon [_thread_blocked, id=15520, stack(0x0000001795a00000,0x0000001795b00000)]
  0x00000131e8435e00 JavaThread "pool-1-thread-1" [_thread_in_vm, id=33624, stack(0x0000001795b00000,0x0000001795c00000)]
  0x00000131e8437240 JavaThread "pool-1-thread-2" [_thread_blocked, id=27876, stack(0x0000001795c00000,0x0000001795d00000)]
  0x00000131e8438b90 JavaThread "pool-1-thread-3" [_thread_blocked, id=29808, stack(0x0000001795d00000,0x0000001795e00000)]

Other Threads:
  0x00000131a212d2d0 VMThread "VM Thread" [stack: 0x0000001793c00000,0x0000001793d00000] [id=12124]
  0x00000131a238d770 WatcherThread [stack: 0x0000001794700000,0x0000001794800000] [id=17624]
  0x00000131842055c0 GCTaskThread "GC Thread#0" [stack: 0x0000001793700000,0x0000001793800000] [id=31728]
  0x00000131a2d316b0 GCTaskThread "GC Thread#1" [stack: 0x0000001794900000,0x0000001794a00000] [id=25268]
  0x00000131a2cde360 GCTaskThread "GC Thread#2" [stack: 0x0000001794c00000,0x0000001794d00000] [id=11552]
  0x00000131a2d78060 GCTaskThread "GC Thread#3" [stack: 0x0000001794d00000,0x0000001794e00000] [id=14888]
  0x00000131a2d9c390 GCTaskThread "GC Thread#4" [stack: 0x0000001794e00000,0x0000001794f00000] [id=17052]
  0x00000131a2d9ca60 GCTaskThread "GC Thread#5" [stack: 0x0000001794f00000,0x0000001795000000] [id=9780]
  0x00000131a2d9cd20 GCTaskThread "GC Thread#6" [stack: 0x0000001795000000,0x0000001795100000] [id=29248]
  0x00000131a2d9cfe0 GCTaskThread "GC Thread#7" [stack: 0x0000001795100000,0x0000001795200000] [id=36728]
  0x0000013184216380 ConcurrentGCThread "G1 Main Marker" [stack: 0x0000001793800000,0x0000001793900000] [id=33284]
  0x0000013184216ca0 ConcurrentGCThread "G1 Conc#0" [stack: 0x0000001793900000,0x0000001793a00000] [id=31108]
  0x000001318427ea50 ConcurrentGCThread "G1 Refine#0" [stack: 0x0000001793a00000,0x0000001793b00000] [id=26700]
  0x00000131a2d86800 ConcurrentGCThread "G1 Refine#1" [stack: 0x0000001795200000,0x0000001795300000] [id=26084]
  0x00000131a1fd58d0 ConcurrentGCThread "G1 Service" [stack: 0x0000001793b00000,0x0000001793c00000] [id=23468]

Threads with active compile tasks:
C2 CompilerThread0     1611 1673       4       jdk.internal.org.objectweb.asm.Frame::execute (2305 bytes)
C2 CompilerThread1     1611 1808   !   4       java.util.concurrent.ConcurrentHashMap::transfer (849 bytes)

VM state: not at safepoint (normal execution)

VM Mutex/Monitor currently owned by a thread: None

Heap address: 0x0000000084200000, size: 1982 MB, Compressed Oops mode: 32-bit

CDS archive(s) mapped at: [0x00000131a3000000-0x00000131a3bd0000-0x00000131a3bd0000), size 12386304, SharedBaseAddress: 0x00000131a3000000, ArchiveRelocationMode: 1.
Compressed class space mapped at: 0x00000131a4000000-0x00000131e4000000, reserved size: 1073741824
Narrow klass base: 0x00000131a3000000, Narrow klass shift: 0, Narrow klass range: 0x100000000

GC Precious Log:
 CPUs: 8 total, 8 available
 Memory: 7920M
 Large Page Support: Disabled
 NUMA Support: Disabled
 Compressed Oops: Enabled (32-bit)
 Heap Region Size: 1M
 Heap Min Capacity: 8M
 Heap Initial Capacity: 124M
 Heap Max Capacity: 1982M
 Pre-touch: Disabled
 Parallel Workers: 8
 Concurrent Workers: 2
 Concurrent Refinement Workers: 8
 Periodic GC: Disabled

Heap:
 garbage-first heap   total 126976K, used 24419K [0x0000000084200000, 0x0000000100000000)
  region size 1024K, 22 young (22528K), 3 survivors (3072K)
 Metaspace       used 15746K, committed 16000K, reserved 1114112K
  class space    used 1917K, committed 2048K, reserved 1048576K

Heap Regions: E=young(eden), S=young(survivor), O=old, HS=humongous(starts), HC=humongous(continues), CS=collection set, F=free, OA=open archive, CA=closed archive, TAMS=top-at-mark-start (previous, next)
|   0|0x0000000084200000, 0x0000000084300000, 0x0000000084300000|100%| O|  |TAMS 0x0000000084200000, 0x0000000084200000| Untracked 
|   1|0x0000000084300000, 0x0000000084400000, 0x0000000084400000|100%| O|  |TAMS 0x0000000084300000, 0x0000000084300000| Untracked 
|   2|0x0000000084400000, 0x00000000844d8c00, 0x0000000084500000| 84%| O|  |TAMS 0x0000000084400000, 0x0000000084400000| Untracked 
|   3|0x0000000084500000, 0x0000000084500000, 0x0000000084600000|  0%| F|  |TAMS 0x0000000084500000, 0x0000000084500000| Untracked 
|   4|0x0000000084600000, 0x0000000084600000, 0x0000000084700000|  0%| F|  |TAMS 0x0000000084600000, 0x0000000084600000| Untracked 
|   5|0x0000000084700000, 0x0000000084700000, 0x0000000084800000|  0%| F|  |TAMS 0x0000000084700000, 0x0000000084700000| Untracked 
|   6|0x0000000084800000, 0x0000000084800000, 0x0000000084900000|  0%| F|  |TAMS 0x0000000084800000, 0x0000000084800000| Untracked 
|   7|0x0000000084900000, 0x0000000084900000, 0x0000000084a00000|  0%| F|  |TAMS 0x0000000084900000, 0x0000000084900000| Untracked 
|   8|0x0000000084a00000, 0x0000000084a00000, 0x0000000084b00000|  0%| F|  |TAMS 0x0000000084a00000, 0x0000000084a00000| Untracked 
|   9|0x0000000084b00000, 0x0000000084b00000, 0x0000000084c00000|  0%| F|  |TAMS 0x0000000084b00000, 0x0000000084b00000| Untracked 
|  10|0x0000000084c00000, 0x0000000084c00000, 0x0000000084d00000|  0%| F|  |TAMS 0x0000000084c00000, 0x0000000084c00000| Untracked 
|  11|0x0000000084d00000, 0x0000000084d00000, 0x0000000084e00000|  0%| F|  |TAMS 0x0000000084d00000, 0x0000000084d00000| Untracked 
|  12|0x0000000084e00000, 0x0000000084e00000, 0x0000000084f00000|  0%| F|  |TAMS 0x0000000084e00000, 0x0000000084e00000| Untracked 
|  13|0x0000000084f00000, 0x0000000084f00000, 0x0000000085000000|  0%| F|  |TAMS 0x0000000084f00000, 0x0000000084f00000| Untracked 
|  14|0x0000000085000000, 0x0000000085000000, 0x0000000085100000|  0%| F|  |TAMS 0x0000000085000000, 0x0000000085000000| Untracked 
|  15|0x0000000085100000, 0x0000000085100000, 0x0000000085200000|  0%| F|  |TAMS 0x0000000085100000, 0x0000000085100000| Untracked 
|  16|0x0000000085200000, 0x0000000085200000, 0x0000000085300000|  0%| F|  |TAMS 0x0000000085200000, 0x0000000085200000| Untracked 
|  17|0x0000000085300000, 0x0000000085300000, 0x0000000085400000|  0%| F|  |TAMS 0x0000000085300000, 0x0000000085300000| Untracked 
|  18|0x0000000085400000, 0x0000000085400000, 0x0000000085500000|  0%| F|  |TAMS 0x0000000085400000, 0x0000000085400000| Untracked 
|  19|0x0000000085500000, 0x0000000085500000, 0x0000000085600000|  0%| F|  |TAMS 0x0000000085500000, 0x0000000085500000| Untracked 
|  20|0x0000000085600000, 0x0000000085600000, 0x0000000085700000|  0%| F|  |TAMS 0x0000000085600000, 0x0000000085600000| Untracked 
|  21|0x0000000085700000, 0x0000000085700000, 0x0000000085800000|  0%| F|  |TAMS 0x0000000085700000, 0x0000000085700000| Untracked 
|  22|0x0000000085800000, 0x0000000085800000, 0x0000000085900000|  0%| F|  |TAMS 0x0000000085800000, 0x0000000085800000| Untracked 
|  23|0x0000000085900000, 0x0000000085900000, 0x0000000085a00000|  0%| F|  |TAMS 0x0000000085900000, 0x0000000085900000| Untracked 
|  24|0x0000000085a00000, 0x0000000085a00000, 0x0000000085b00000|  0%| F|  |TAMS 0x0000000085a00000, 0x0000000085a00000| Untracked 
|  25|0x0000000085b00000, 0x0000000085b00000, 0x0000000085c00000|  0%| F|  |TAMS 0x0000000085b00000, 0x0000000085b00000| Untracked 
|  26|0x0000000085c00000, 0x0000000085c00000, 0x0000000085d00000|  0%| F|  |TAMS 0x0000000085c00000, 0x0000000085c00000| Untracked 
|  27|0x0000000085d00000, 0x0000000085d00000, 0x0000000085e00000|  0%| F|  |TAMS 0x0000000085d00000, 0x0000000085d00000| Untracked 
|  28|0x0000000085e00000, 0x0000000085e00000, 0x0000000085f00000|  0%| F|  |TAMS 0x0000000085e00000, 0x0000000085e00000| Untracked 
|  29|0x0000000085f00000, 0x0000000085f00000, 0x0000000086000000|  0%| F|  |TAMS 0x0000000085f00000, 0x0000000085f00000| Untracked 
|  30|0x0000000086000000, 0x0000000086000000, 0x0000000086100000|  0%| F|  |TAMS 0x0000000086000000, 0x0000000086000000| Untracked 
|  31|0x0000000086100000, 0x0000000086100000, 0x0000000086200000|  0%| F|  |TAMS 0x0000000086100000, 0x0000000086100000| Untracked 
|  32|0x0000000086200000, 0x0000000086200000, 0x0000000086300000|  0%| F|  |TAMS 0x0000000086200000, 0x0000000086200000| Untracked 
|  33|0x0000000086300000, 0x0000000086300000, 0x0000000086400000|  0%| F|  |TAMS 0x0000000086300000, 0x0000000086300000| Untracked 
|  34|0x0000000086400000, 0x0000000086400000, 0x0000000086500000|  0%| F|  |TAMS 0x0000000086400000, 0x0000000086400000| Untracked 
|  35|0x0000000086500000, 0x0000000086500000, 0x0000000086600000|  0%| F|  |TAMS 0x0000000086500000, 0x0000000086500000| Untracked 
|  36|0x0000000086600000, 0x0000000086600000, 0x0000000086700000|  0%| F|  |TAMS 0x0000000086600000, 0x0000000086600000| Untracked 
|  37|0x0000000086700000, 0x0000000086700000, 0x0000000086800000|  0%| F|  |TAMS 0x0000000086700000, 0x0000000086700000| Untracked 
|  38|0x0000000086800000, 0x0000000086800000, 0x0000000086900000|  0%| F|  |TAMS 0x0000000086800000, 0x0000000086800000| Untracked 
|  39|0x0000000086900000, 0x0000000086900000, 0x0000000086a00000|  0%| F|  |TAMS 0x0000000086900000, 0x0000000086900000| Untracked 
|  40|0x0000000086a00000, 0x0000000086a00000, 0x0000000086b00000|  0%| F|  |TAMS 0x0000000086a00000, 0x0000000086a00000| Untracked 
|  41|0x0000000086b00000, 0x0000000086b00000, 0x0000000086c00000|  0%| F|  |TAMS 0x0000000086b00000, 0x0000000086b00000| Untracked 
|  42|0x0000000086c00000, 0x0000000086c00000, 0x0000000086d00000|  0%| F|  |TAMS 0x0000000086c00000, 0x0000000086c00000| Untracked 
|  43|0x0000000086d00000, 0x0000000086d00000, 0x0000000086e00000|  0%| F|  |TAMS 0x0000000086d00000, 0x0000000086d00000| Untracked 
|  44|0x0000000086e00000, 0x0000000086e00000, 0x0000000086f00000|  0%| F|  |TAMS 0x0000000086e00000, 0x0000000086e00000| Untracked 
|  45|0x0000000086f00000, 0x0000000086f00000, 0x0000000087000000|  0%| F|  |TAMS 0x0000000086f00000, 0x0000000086f00000| Untracked 
|  46|0x0000000087000000, 0x0000000087000000, 0x0000000087100000|  0%| F|  |TAMS 0x0000000087000000, 0x0000000087000000| Untracked 
|  47|0x0000000087100000, 0x0000000087100000, 0x0000000087200000|  0%| F|  |TAMS 0x0000000087100000, 0x0000000087100000| Untracked 
|  48|0x0000000087200000, 0x0000000087200000, 0x0000000087300000|  0%| F|  |TAMS 0x0000000087200000, 0x0000000087200000| Untracked 
|  49|0x0000000087300000, 0x0000000087300000, 0x0000000087400000|  0%| F|  |TAMS 0x0000000087300000, 0x0000000087300000| Untracked 
|  50|0x0000000087400000, 0x0000000087400000, 0x0000000087500000|  0%| F|  |TAMS 0x0000000087400000, 0x0000000087400000| Untracked 
|  51|0x0000000087500000, 0x0000000087500000, 0x0000000087600000|  0%| F|  |TAMS 0x0000000087500000, 0x0000000087500000| Untracked 
|  52|0x0000000087600000, 0x0000000087600000, 0x0000000087700000|  0%| F|  |TAMS 0x0000000087600000, 0x0000000087600000| Untracked 
|  53|0x0000000087700000, 0x0000000087700000, 0x0000000087800000|  0%| F|  |TAMS 0x0000000087700000, 0x0000000087700000| Untracked 
|  54|0x0000000087800000, 0x0000000087800000, 0x0000000087900000|  0%| F|  |TAMS 0x0000000087800000, 0x0000000087800000| Untracked 
|  55|0x0000000087900000, 0x0000000087900000, 0x0000000087a00000|  0%| F|  |TAMS 0x0000000087900000, 0x0000000087900000| Untracked 
|  56|0x0000000087a00000, 0x0000000087a00000, 0x0000000087b00000|  0%| F|  |TAMS 0x0000000087a00000, 0x0000000087a00000| Untracked 
|  57|0x0000000087b00000, 0x0000000087b00000, 0x0000000087c00000|  0%| F|  |TAMS 0x0000000087b00000, 0x0000000087b00000| Untracked 
|  58|0x0000000087c00000, 0x0000000087c00000, 0x0000000087d00000|  0%| F|  |TAMS 0x0000000087c00000, 0x0000000087c00000| Untracked 
|  59|0x0000000087d00000, 0x0000000087d00000, 0x0000000087e00000|  0%| F|  |TAMS 0x0000000087d00000, 0x0000000087d00000| Untracked 
|  60|0x0000000087e00000, 0x0000000087e00000, 0x0000000087f00000|  0%| F|  |TAMS 0x0000000087e00000, 0x0000000087e00000| Untracked 
|  61|0x0000000087f00000, 0x0000000087f00000, 0x0000000088000000|  0%| F|  |TAMS 0x0000000087f00000, 0x0000000087f00000| Untracked 
|  62|0x0000000088000000, 0x0000000088000000, 0x0000000088100000|  0%| F|  |TAMS 0x0000000088000000, 0x0000000088000000| Untracked 
|  63|0x0000000088100000, 0x0000000088100000, 0x0000000088200000|  0%| F|  |TAMS 0x0000000088100000, 0x0000000088100000| Untracked 
|  64|0x0000000088200000, 0x0000000088200000, 0x0000000088300000|  0%| F|  |TAMS 0x0000000088200000, 0x0000000088200000| Untracked 
|  65|0x0000000088300000, 0x0000000088300000, 0x0000000088400000|  0%| F|  |TAMS 0x0000000088300000, 0x0000000088300000| Untracked 
|  66|0x0000000088400000, 0x0000000088400000, 0x0000000088500000|  0%| F|  |TAMS 0x0000000088400000, 0x0000000088400000| Untracked 
|  67|0x0000000088500000, 0x0000000088500000, 0x0000000088600000|  0%| F|  |TAMS 0x0000000088500000, 0x0000000088500000| Untracked 
|  68|0x0000000088600000, 0x0000000088600000, 0x0000000088700000|  0%| F|  |TAMS 0x0000000088600000, 0x0000000088600000| Untracked 
|  69|0x0000000088700000, 0x0000000088700000, 0x0000000088800000|  0%| F|  |TAMS 0x0000000088700000, 0x0000000088700000| Untracked 
|  70|0x0000000088800000, 0x0000000088800000, 0x0000000088900000|  0%| F|  |TAMS 0x0000000088800000, 0x0000000088800000| Untracked 
|  71|0x0000000088900000, 0x0000000088900000, 0x0000000088a00000|  0%| F|  |TAMS 0x0000000088900000, 0x0000000088900000| Untracked 
|  72|0x0000000088a00000, 0x0000000088a00000, 0x0000000088b00000|  0%| F|  |TAMS 0x0000000088a00000, 0x0000000088a00000| Untracked 
|  73|0x0000000088b00000, 0x0000000088b00000, 0x0000000088c00000|  0%| F|  |TAMS 0x0000000088b00000, 0x0000000088b00000| Untracked 
|  74|0x0000000088c00000, 0x0000000088c00000, 0x0000000088d00000|  0%| F|  |TAMS 0x0000000088c00000, 0x0000000088c00000| Untracked 
|  75|0x0000000088d00000, 0x0000000088d00000, 0x0000000088e00000|  0%| F|  |TAMS 0x0000000088d00000, 0x0000000088d00000| Untracked 
|  76|0x0000000088e00000, 0x0000000088e00000, 0x0000000088f00000|  0%| F|  |TAMS 0x0000000088e00000, 0x0000000088e00000| Untracked 
|  77|0x0000000088f00000, 0x0000000088f00000, 0x0000000089000000|  0%| F|  |TAMS 0x0000000088f00000, 0x0000000088f00000| Untracked 
|  78|0x0000000089000000, 0x0000000089000000, 0x0000000089100000|  0%| F|  |TAMS 0x0000000089000000, 0x0000000089000000| Untracked 
|  79|0x0000000089100000, 0x0000000089100000, 0x0000000089200000|  0%| F|  |TAMS 0x0000000089100000, 0x0000000089100000| Untracked 
|  80|0x0000000089200000, 0x0000000089200000, 0x0000000089300000|  0%| F|  |TAMS 0x0000000089200000, 0x0000000089200000| Untracked 
|  81|0x0000000089300000, 0x0000000089300000, 0x0000000089400000|  0%| F|  |TAMS 0x0000000089300000, 0x0000000089300000| Untracked 
|  82|0x0000000089400000, 0x0000000089400000, 0x0000000089500000|  0%| F|  |TAMS 0x0000000089400000, 0x0000000089400000| Untracked 
|  83|0x0000000089500000, 0x0000000089500000, 0x0000000089600000|  0%| F|  |TAMS 0x0000000089500000, 0x0000000089500000| Untracked 
|  84|0x0000000089600000, 0x0000000089600000, 0x0000000089700000|  0%| F|  |TAMS 0x0000000089600000, 0x0000000089600000| Untracked 
|  85|0x0000000089700000, 0x0000000089700000, 0x0000000089800000|  0%| F|  |TAMS 0x0000000089700000, 0x0000000089700000| Untracked 
|  86|0x0000000089800000, 0x0000000089800000, 0x0000000089900000|  0%| F|  |TAMS 0x0000000089800000, 0x0000000089800000| Untracked 
|  87|0x0000000089900000, 0x0000000089900000, 0x0000000089a00000|  0%| F|  |TAMS 0x0000000089900000, 0x0000000089900000| Untracked 
|  88|0x0000000089a00000, 0x0000000089a00000, 0x0000000089b00000|  0%| F|  |TAMS 0x0000000089a00000, 0x0000000089a00000| Untracked 
|  89|0x0000000089b00000, 0x0000000089b00000, 0x0000000089c00000|  0%| F|  |TAMS 0x0000000089b00000, 0x0000000089b00000| Untracked 
|  90|0x0000000089c00000, 0x0000000089c00000, 0x0000000089d00000|  0%| F|  |TAMS 0x0000000089c00000, 0x0000000089c00000| Untracked 
|  91|0x0000000089d00000, 0x0000000089d00000, 0x0000000089e00000|  0%| F|  |TAMS 0x0000000089d00000, 0x0000000089d00000| Untracked 
|  92|0x0000000089e00000, 0x0000000089e00000, 0x0000000089f00000|  0%| F|  |TAMS 0x0000000089e00000, 0x0000000089e00000| Untracked 
|  93|0x0000000089f00000, 0x0000000089f00000, 0x000000008a000000|  0%| F|  |TAMS 0x0000000089f00000, 0x0000000089f00000| Untracked 
|  94|0x000000008a000000, 0x000000008a000000, 0x000000008a100000|  0%| F|  |TAMS 0x000000008a000000, 0x000000008a000000| Untracked 
|  95|0x000000008a100000, 0x000000008a100000, 0x000000008a200000|  0%| F|  |TAMS 0x000000008a100000, 0x000000008a100000| Untracked 
|  96|0x000000008a200000, 0x000000008a200000, 0x000000008a300000|  0%| F|  |TAMS 0x000000008a200000, 0x000000008a200000| Untracked 
|  97|0x000000008a300000, 0x000000008a300000, 0x000000008a400000|  0%| F|  |TAMS 0x000000008a300000, 0x000000008a300000| Untracked 
|  98|0x000000008a400000, 0x000000008a500000, 0x000000008a500000|100%| S|CS|TAMS 0x000000008a400000, 0x000000008a400000| Complete 
|  99|0x000000008a500000, 0x000000008a600000, 0x000000008a600000|100%| S|CS|TAMS 0x000000008a500000, 0x000000008a500000| Complete 
| 100|0x000000008a600000, 0x000000008a700000, 0x000000008a700000|100%| S|CS|TAMS 0x000000008a600000, 0x000000008a600000| Complete 
| 101|0x000000008a700000, 0x000000008a700000, 0x000000008a800000|  0%| F|  |TAMS 0x000000008a700000, 0x000000008a700000| Untracked 
| 102|0x000000008a800000, 0x000000008a800000, 0x000000008a900000|  0%| F|  |TAMS 0x000000008a800000, 0x000000008a800000| Untracked 
| 103|0x000000008a900000, 0x000000008a900000, 0x000000008aa00000|  0%| F|  |TAMS 0x000000008a900000, 0x000000008a900000| Untracked 
| 104|0x000000008aa00000, 0x000000008aa00000, 0x000000008ab00000|  0%| F|  |TAMS 0x000000008aa00000, 0x000000008aa00000| Untracked 
| 105|0x000000008ab00000, 0x000000008ab59c10, 0x000000008ac00000| 35%| E|  |TAMS 0x000000008ab00000, 0x000000008ab00000| Complete 
| 106|0x000000008ac00000, 0x000000008ad00000, 0x000000008ad00000|100%| E|CS|TAMS 0x000000008ac00000, 0x000000008ac00000| Complete 
| 107|0x000000008ad00000, 0x000000008ae00000, 0x000000008ae00000|100%| E|CS|TAMS 0x000000008ad00000, 0x000000008ad00000| Complete 
| 108|0x000000008ae00000, 0x000000008af00000, 0x000000008af00000|100%| E|CS|TAMS 0x000000008ae00000, 0x000000008ae00000| Complete 
| 109|0x000000008af00000, 0x000000008b000000, 0x000000008b000000|100%| E|CS|TAMS 0x000000008af00000, 0x000000008af00000| Complete 
| 110|0x000000008b000000, 0x000000008b100000, 0x000000008b100000|100%| E|CS|TAMS 0x000000008b000000, 0x000000008b000000| Complete 
| 111|0x000000008b100000, 0x000000008b200000, 0x000000008b200000|100%| E|CS|TAMS 0x000000008b100000, 0x000000008b100000| Complete 
| 112|0x000000008b200000, 0x000000008b300000, 0x000000008b300000|100%| E|CS|TAMS 0x000000008b200000, 0x000000008b200000| Complete 
| 113|0x000000008b300000, 0x000000008b400000, 0x000000008b400000|100%| E|CS|TAMS 0x000000008b300000, 0x000000008b300000| Complete 
| 114|0x000000008b400000, 0x000000008b500000, 0x000000008b500000|100%| E|CS|TAMS 0x000000008b400000, 0x000000008b400000| Complete 
| 115|0x000000008b500000, 0x000000008b600000, 0x000000008b600000|100%| E|CS|TAMS 0x000000008b500000, 0x000000008b500000| Complete 
| 116|0x000000008b600000, 0x000000008b700000, 0x000000008b700000|100%| E|CS|TAMS 0x000000008b600000, 0x000000008b600000| Complete 
| 117|0x000000008b700000, 0x000000008b800000, 0x000000008b800000|100%| E|CS|TAMS 0x000000008b700000, 0x000000008b700000| Complete 
| 118|0x000000008b800000, 0x000000008b900000, 0x000000008b900000|100%| E|CS|TAMS 0x000000008b800000, 0x000000008b800000| Complete 
| 119|0x000000008b900000, 0x000000008ba00000, 0x000000008ba00000|100%| E|CS|TAMS 0x000000008b900000, 0x000000008b900000| Complete 
| 120|0x000000008ba00000, 0x000000008bb00000, 0x000000008bb00000|100%| E|CS|TAMS 0x000000008ba00000, 0x000000008ba00000| Complete 
| 121|0x000000008bb00000, 0x000000008bc00000, 0x000000008bc00000|100%| E|CS|TAMS 0x000000008bb00000, 0x000000008bb00000| Complete 
| 122|0x000000008bc00000, 0x000000008bd00000, 0x000000008bd00000|100%| E|CS|TAMS 0x000000008bc00000, 0x000000008bc00000| Complete 
| 123|0x000000008bd00000, 0x000000008be00000, 0x000000008be00000|100%| E|CS|TAMS 0x000000008bd00000, 0x000000008bd00000| Complete 

Card table byte_map: [0x000001319b160000,0x000001319b540000] _byte_map_base: 0x000001319ad3f000

Marking Bits (Prev, Next): (CMBitMap*) 0x0000013184205af0, (CMBitMap*) 0x0000013184205b30
 Prev Bits: [0x000001319b920000, 0x000001319d818000)
 Next Bits: [0x000001319d820000, 0x000001319f718000)

Polling page: 0x0000013182140000

Metaspace:

Usage:
  Non-class:     13.52 MB used.
      Class:      1.88 MB used.
       Both:     15.40 MB used.

Virtual space:
  Non-class space:       64.00 MB reserved,      13.69 MB ( 21%) committed,  1 nodes.
      Class space:        1.00 GB reserved,       2.00 MB ( <1%) committed,  1 nodes.
             Both:        1.06 GB reserved,      15.69 MB (  1%) committed. 

Chunk freelists:
   Non-Class:  1.56 MB
       Class:  13.83 MB
        Both:  15.39 MB

MaxMetaspaceSize: unlimited
CompressedClassSpaceSize: 1.00 GB
Initial GC threshold: 21.00 MB
Current GC threshold: 21.00 MB
CDS: on
MetaspaceReclaimPolicy: balanced
 - commit_granule_bytes: 65536.
 - commit_granule_words: 8192.
 - virtual_space_node_default_size: 8388608.
 - enlarge_chunks_in_place: 1.
 - new_chunks_are_fully_committed: 0.
 - uncommit_free_chunks: 1.
 - use_allocation_guard: 0.
 - handle_deallocations: 1.


Internal statistics:

num_allocs_failed_limit: 0.
num_arena_births: 278.
num_arena_deaths: 0.
num_vsnodes_births: 2.
num_vsnodes_deaths: 0.
num_space_committed: 251.
num_space_uncommitted: 0.
num_chunks_returned_to_freelist: 0.
num_chunks_taken_from_freelist: 649.
num_chunk_merges: 0.
num_chunk_splits: 401.
num_chunks_enlarged: 284.
num_inconsistent_stats: 0.

CodeHeap 'non-profiled nmethods': size=120000Kb used=622Kb max_used=622Kb free=119378Kb
 bounds [0x0000013193520000, 0x0000013193790000, 0x000001319aa50000]
CodeHeap 'profiled nmethods': size=120000Kb used=3434Kb max_used=3434Kb free=116565Kb
 bounds [0x000001318ba50000, 0x000001318bdb0000, 0x0000013192f80000]
CodeHeap 'non-nmethods': size=5760Kb used=1251Kb max_used=1266Kb free=4508Kb
 bounds [0x0000013192f80000, 0x00000131931f0000, 0x0000013193520000]
 total_blobs=2360 nmethods=1818 adapters=454
 compilation: enabled
              stopped_count=0, restarted_count=0
 full_count=0

Compilation events (20 events):
Event: 1.541 Thread 0x00000131a21557f0 1775       3       java.lang.invoke.DirectMethodHandle::make (21 bytes)
Event: 1.541 Thread 0x00000131a21557f0 nmethod 1775 0x000001318bd97210 code [0x000001318bd973e0, 0x000001318bd97738]
Event: 1.544 Thread 0x00000131a2e388e0 nmethod 1754 0x00000131935b7010 code [0x00000131935b71e0, 0x00000131935b81d8]
Event: 1.544 Thread 0x00000131a2e388e0 1762       4       java.util.ImmutableCollections$ListN::size (6 bytes)
Event: 1.544 Thread 0x00000131a2e388e0 nmethod 1762 0x00000131935b8990 code [0x00000131935b8b00, 0x00000131935b8b98]
Event: 1.547 Thread 0x00000131a21557f0 1776       1       java.util.concurrent.locks.AbstractOwnableSynchronizer::setExclusiveOwnerThread (6 bytes)
Event: 1.547 Thread 0x00000131a21557f0 nmethod 1776 0x00000131935b8c90 code [0x00000131935b8e20, 0x00000131935b8f38]
Event: 1.553 Thread 0x00000131a21557f0 1779       3       java.lang.Module::allows (60 bytes)
Event: 1.554 Thread 0x00000131a21557f0 nmethod 1779 0x000001318bd97890 code [0x000001318bd97a80, 0x000001318bd980c8]
Event: 1.554 Thread 0x00000131a21557f0 1781       3       java.util.TreeMap::setColor (10 bytes)
Event: 1.554 Thread 0x00000131a21557f0 nmethod 1781 0x000001318bd98210 code [0x000001318bd983a0, 0x000001318bd984d8]
Event: 1.554 Thread 0x00000131a21557f0 1780       3       java.util.ArrayList::isEmpty (13 bytes)
Event: 1.554 Thread 0x00000131a21557f0 nmethod 1780 0x000001318bd98590 code [0x000001318bd98720, 0x000001318bd98898]
Event: 1.554 Thread 0x00000131a21557f0 1782       3       java.lang.invoke.MethodHandles$Lookup::getDirectMethodNoSecurityManager (18 bytes)
Event: 1.554 Thread 0x00000131a21557f0 nmethod 1782 0x000001318bd98910 code [0x000001318bd98aa0, 0x000001318bd98be8]
Event: 1.557 Thread 0x00000131a21557f0 1783       1       java.util.concurrent.locks.AbstractQueuedSynchronizer::setState (6 bytes)
Event: 1.557 Thread 0x00000131a21557f0 nmethod 1783 0x00000131935b9590 code [0x00000131935b9720, 0x00000131935b97f8]
Event: 1.558 Thread 0x00000131a21557f0 1784       3       java.lang.invoke.MemberName::equals (69 bytes)
Event: 1.558 Thread 0x00000131a21557f0 nmethod 1784 0x000001318bd98c90 code [0x000001318bd98f20, 0x000001318bd99c58]
Event: 1.558 Thread 0x00000131a21557f0 1785       3       java.lang.Class::protectionDomain (48 bytes)

GC Heap History (2 events):
Event: 1.070 GC heap before
{Heap before GC invocations=0 (full 0):
 garbage-first heap   total 126976K, used 22528K [0x0000000084200000, 0x0000000100000000)
  region size 1024K, 23 young (23552K), 0 survivors (0K)
 Metaspace       used 8112K, committed 8384K, reserved 1114112K
  class space    used 962K, committed 1088K, reserved 1048576K
}
Event: 1.075 GC heap after
{Heap after GC invocations=1 (full 0):
 garbage-first heap   total 126976K, used 5987K [0x0000000084200000, 0x0000000100000000)
  region size 1024K, 3 young (3072K), 3 survivors (3072K)
 Metaspace       used 8112K, committed 8384K, reserved 1114112K
  class space    used 962K, committed 1088K, reserved 1048576K
}

Deoptimization events (20 events):
Event: 0.642 Thread 0x00000131841a9bc0 Uncommon trap: trap_request=0xffffff45 fr.pc=0x000001319353c940 relative=0x0000000000000040
Event: 0.642 Thread 0x00000131841a9bc0 Uncommon trap: reason=unstable_if action=reinterpret pc=0x000001319353c940 method=sun.nio.fs.WindowsPathParser.isSlash(C)Z @ 9 c2
Event: 0.642 Thread 0x00000131841a9bc0 DEOPT PACKING pc=0x000001319353c940 sp=0x00000017936fd750
Event: 0.642 Thread 0x00000131841a9bc0 DEOPT UNPACKING pc=0x0000013192fd5ba3 sp=0x00000017936fd6d8 mode 2
Event: 1.218 Thread 0x00000131841a9bc0 DEOPT PACKING pc=0x000001318bcebf3e sp=0x00000017936fb860
Event: 1.218 Thread 0x00000131841a9bc0 DEOPT UNPACKING pc=0x0000013192fd66e3 sp=0x00000017936face0 mode 0
Event: 1.219 Thread 0x00000131841a9bc0 DEOPT PACKING pc=0x000001318bcebf3e sp=0x00000017936fb860
Event: 1.219 Thread 0x00000131841a9bc0 DEOPT UNPACKING pc=0x0000013192fd66e3 sp=0x00000017936face0 mode 0
Event: 1.220 Thread 0x00000131841a9bc0 DEOPT PACKING pc=0x000001318bcebf3e sp=0x00000017936fb830
Event: 1.220 Thread 0x00000131841a9bc0 DEOPT UNPACKING pc=0x0000013192fd66e3 sp=0x00000017936facb0 mode 0
Event: 1.221 Thread 0x00000131841a9bc0 DEOPT PACKING pc=0x000001318bcebf3e sp=0x00000017936fb830
Event: 1.221 Thread 0x00000131841a9bc0 DEOPT UNPACKING pc=0x0000013192fd66e3 sp=0x00000017936facb0 mode 0
Event: 1.223 Thread 0x00000131841a9bc0 DEOPT PACKING pc=0x000001318bcebf3e sp=0x00000017936fb860
Event: 1.223 Thread 0x00000131841a9bc0 DEOPT UNPACKING pc=0x0000013192fd66e3 sp=0x00000017936face0 mode 0
Event: 1.253 Thread 0x00000131841a9bc0 Uncommon trap: trap_request=0xffffff45 fr.pc=0x0000013193596048 relative=0x00000000000001c8
Event: 1.253 Thread 0x00000131841a9bc0 Uncommon trap: reason=unstable_if action=reinterpret pc=0x0000013193596048 method=java.util.HashMap.putVal(ILjava/lang/Object;Ljava/lang/Object;ZZ)Ljava/lang/Object; @ 162 c2
Event: 1.253 Thread 0x00000131841a9bc0 DEOPT PACKING pc=0x0000013193596048 sp=0x00000017936faa50
Event: 1.253 Thread 0x00000131841a9bc0 DEOPT UNPACKING pc=0x0000013192fd5ba3 sp=0x00000017936fa9e0 mode 2
Event: 1.296 Thread 0x00000131841a9bc0 DEOPT PACKING pc=0x000001318bbad627 sp=0x00000017936fc1e0
Event: 1.296 Thread 0x00000131841a9bc0 DEOPT UNPACKING pc=0x0000013192fd66e3 sp=0x00000017936fb640 mode 0

Classes unloaded (0 events):
No events

Classes redefined (0 events):
No events

Internal exceptions (20 events):
Event: 1.114 Thread 0x00000131841a9bc0 Exception <a 'java/lang/NoSuchMethodError'{0x000000008bcf2720}: 'java.lang.Object java.lang.invoke.DirectMethodHandle$Holder.invokeStaticInit(java.lang.Object, java.lang.Object, int)'> (0x000000008bcf2720) 
thrown [s\open\src\hotspot\share\interpreter\linkResolver.cpp, line 759]
Event: 1.114 Thread 0x00000131841a9bc0 Exception <a 'java/lang/NoSuchMethodError'{0x000000008bcf8a70}: 'java.lang.Object java.lang.invoke.DirectMethodHandle$Holder.newInvokeSpecial(java.lang.Object, java.lang.Object, int)'> (0x000000008bcf8a70) 
thrown [s\open\src\hotspot\share\interpreter\linkResolver.cpp, line 759]
Event: 1.116 Thread 0x00000131841a9bc0 Exception <a 'java/lang/NoSuchMethodError'{0x000000008bb46218}: 'int java.lang.invoke.DirectMethodHandle$Holder.invokeSpecialIFC(java.lang.Object, java.lang.Object, java.lang.Object)'> (0x000000008bb46218) 
thrown [s\open\src\hotspot\share\interpreter\linkResolver.cpp, line 759]
Event: 1.152 Thread 0x00000131841a9bc0 Exception <a 'sun/nio/fs/WindowsException'{0x000000008ba6bd78}> (0x000000008ba6bd78) 
thrown [s\open\src\hotspot\share\prims\jni.cpp, line 516]
Event: 1.161 Thread 0x00000131841a9bc0 Exception <a 'java/lang/NoSuchMethodError'{0x000000008ba8fc68}: 'int java.lang.invoke.DirectMethodHandle$Holder.invokeStaticInit(java.lang.Object, java.lang.Object, java.lang.Object, java.lang.Object)'> (0x000000008ba8fc68) 
thrown [s\open\src\hotspot\share\interpreter\linkResolver.cpp, line 759]
Event: 1.309 Thread 0x00000131841a9bc0 Exception <a 'java/lang/NoSuchMethodError'{0x000000008b3015c8}: 'java.lang.Object java.lang.invoke.DirectMethodHandle$Holder.invokeInterface(java.lang.Object, java.lang.Object, java.lang.Object)'> (0x000000008b3015c8) 
thrown [s\open\src\hotspot\share\interpreter\linkResolver.cpp, line 759]
Event: 1.310 Thread 0x00000131841a9bc0 Exception <a 'java/lang/IncompatibleClassChangeError'{0x000000008b304c90}: Found class java.lang.Object, but interface was expected> (0x000000008b304c90) 
thrown [s\open\src\hotspot\share\interpreter\linkResolver.cpp, line 826]
Event: 1.311 Thread 0x00000131841a9bc0 Exception <a 'java/lang/NoSuchMethodError'{0x000000008b30d138}: 'int java.lang.invoke.DirectMethodHandle$Holder.invokeSpecialIFC(java.lang.Object, java.lang.Object, java.lang.Object, java.lang.Object)'> (0x000000008b30d138) 
thrown [s\open\src\hotspot\share\interpreter\linkResolver.cpp, line 759]
Event: 1.320 Thread 0x00000131841a9bc0 Exception <a 'java/lang/NoSuchMethodError'{0x000000008b386cf8}: 'java.lang.Object java.lang.invoke.DirectMethodHandle$Holder.invokeVirtual(java.lang.Object, java.lang.Object, java.lang.Object, java.lang.Object)'> (0x000000008b386cf8) 
thrown [s\open\src\hotspot\share\interpreter\linkResolver.cpp, line 759]
Event: 1.340 Thread 0x00000131e8436d30 Exception <a 'java/net/ConnectException'{0x000000008b26d938}: Connection refused: no further information> (0x000000008b26d938) 
thrown [s\open\src\hotspot\share\prims\jni.cpp, line 535]
Event: 1.340 Thread 0x00000131e8436d30 Exception <a 'java/net/SocketException'{0x000000008b26dc70}: Socket is not connected: shutdown> (0x000000008b26dc70) 
thrown [s\open\src\hotspot\share\prims\jni.cpp, line 535]
Event: 1.361 Thread 0x00000131e8436d30 Exception <a 'java/net/ConnectException'{0x000000008b26ebe8}: Connection refused: no further information> (0x000000008b26ebe8) 
thrown [s\open\src\hotspot\share\prims\jni.cpp, line 535]
Event: 1.361 Thread 0x00000131e8436d30 Exception <a 'java/net/SocketException'{0x000000008b26ef20}: Socket is not connected: shutdown> (0x000000008b26ef20) 
thrown [s\open\src\hotspot\share\prims\jni.cpp, line 535]
Event: 1.421 Thread 0x00000131841a9bc0 Exception <a 'java/lang/NoSuchMethodError'{0x000000008b16ba00}: 'java.lang.Object java.lang.invoke.DirectMethodHandle$Holder.newInvokeSpecial(java.lang.Object, java.lang.Object, int, int)'> (0x000000008b16ba00) 
thrown [s\open\src\hotspot\share\interpreter\linkResolver.cpp, line 759]
Event: 1.422 Thread 0x00000131841a9bc0 Exception <a 'java/lang/NoSuchMethodError'{0x000000008b176748}: 'void java.lang.invoke.DirectMethodHandle$Holder.invokeStatic(java.lang.Object, java.lang.Object, int)'> (0x000000008b176748) 
thrown [s\open\src\hotspot\share\interpreter\linkResolver.cpp, line 759]
Event: 1.444 Thread 0x00000131841a9bc0 Exception <a 'java/lang/NoSuchMethodError'{0x000000008b076ed8}: 'java.lang.Object java.lang.invoke.DirectMethodHandle$Holder.newInvokeSpecial(java.lang.Object, java.lang.Object, java.lang.Object, java.lang.Object, java.lang.Object)'> (0x000000008b076ed8) 
thrown [s\open\src\hotspot\share\interpreter\linkResolver.cpp, line 759]
Event: 1.494 Thread 0x00000131841a9bc0 Exception <a 'java/lang/NoSuchMethodError'{0x000000008aeed788}: 'void java.lang.invoke.DirectMethodHandle$Holder.invokeSpecial(java.lang.Object, java.lang.Object, java.lang.Object)'> (0x000000008aeed788) 
thrown [s\open\src\hotspot\share\interpreter\linkResolver.cpp, line 759]
Event: 1.521 Thread 0x00000131e8435e00 Exception <a 'java/lang/NoSuchMethodError'{0x000000008adbfa10}: 'java.lang.Object java.lang.invoke.DirectMethodHandle$Holder.invokeSpecial(java.lang.Object, java.lang.Object, java.lang.Object, java.lang.Object, int)'> (0x000000008adbfa10) 
thrown [s\open\src\hotspot\share\interpreter\linkResolver.cpp, line 759]
Event: 1.521 Thread 0x00000131e8435e00 Exception <a 'java/lang/NoSuchMethodError'{0x000000008adc35d8}: 'java.lang.Object java.lang.invoke.Invokers$Holder.linkToTargetMethod(java.lang.Object, java.lang.Object, int, java.lang.Object)'> (0x000000008adc35d8) 
thrown [s\open\src\hotspot\share\interpreter\linkResolver.cpp, line 759]
Event: 1.540 Thread 0x00000131e8435e00 Exception <a 'java/lang/NoSuchMethodError'{0x000000008ac15070}: 'void java.lang.invoke.DirectMethodHandle$Holder.invokeSpecial(java.lang.Object, java.lang.Object, java.lang.Object, java.lang.Object, java.lang.Object)'> (0x000000008ac15070) 
thrown [s\open\src\hotspot\share\interpreter\linkResolver.cpp, line 759]

VM Operations (20 events):
Event: 0.388 Executing VM operation: HandshakeAllThreads
Event: 0.388 Executing VM operation: HandshakeAllThreads done
Event: 0.609 Executing VM operation: HandshakeAllThreads
Event: 0.609 Executing VM operation: HandshakeAllThreads done
Event: 0.640 Executing VM operation: HandshakeAllThreads
Event: 0.640 Executing VM operation: HandshakeAllThreads done
Event: 1.070 Executing VM operation: G1CollectForAllocation
Event: 1.075 Executing VM operation: G1CollectForAllocation done
Event: 1.153 Executing VM operation: HandshakeAllThreads
Event: 1.153 Executing VM operation: HandshakeAllThreads done
Event: 1.194 Executing VM operation: HandshakeAllThreads
Event: 1.194 Executing VM operation: HandshakeAllThreads done
Event: 1.240 Executing VM operation: HandshakeAllThreads
Event: 1.240 Executing VM operation: HandshakeAllThreads done
Event: 1.395 Executing VM operation: HandshakeAllThreads
Event: 1.395 Executing VM operation: HandshakeAllThreads done
Event: 1.396 Executing VM operation: HandshakeAllThreads
Event: 1.396 Executing VM operation: HandshakeAllThreads done
Event: 1.479 Executing VM operation: HandshakeAllThreads
Event: 1.479 Executing VM operation: HandshakeAllThreads done

Events (20 events):
Event: 1.549 loading class sun/nio/ch/SelectionKeyImpl
Event: 1.549 loading class java/nio/channels/spi/AbstractSelectionKey
Event: 1.549 loading class java/nio/channels/SelectionKey
Event: 1.549 loading class java/nio/channels/SelectionKey done
Event: 1.549 loading class java/nio/channels/spi/AbstractSelectionKey done
Event: 1.549 loading class sun/nio/ch/SelectionKeyImpl done
Event: 1.549 loading class java/lang/invoke/ConstantBootstraps
Event: 1.549 loading class java/lang/invoke/ConstantBootstraps done
Event: 1.550 loading class java/util/concurrent/CompletableFuture$UniRelay
Event: 1.550 loading class java/util/concurrent/CompletableFuture$UniRelay done
Event: 1.553 Thread 0x00000131e8437240 Thread added: 0x00000131e8437240
Event: 1.553 Thread 0x00000131e8438b90 Thread added: 0x00000131e8438b90
Event: 1.556 loading class sun/nio/ch/IOVecWrapper
Event: 1.556 loading class sun/nio/ch/IOVecWrapper done
Event: 1.556 loading class sun/nio/ch/AllocatedNativeObject
Event: 1.556 loading class sun/nio/ch/NativeObject
Event: 1.556 loading class sun/nio/ch/NativeObject done
Event: 1.557 loading class sun/nio/ch/AllocatedNativeObject done
Event: 1.557 loading class sun/nio/ch/IOVecWrapper$Deallocator
Event: 1.557 loading class sun/nio/ch/IOVecWrapper$Deallocator done


Dynamic libraries:
0x00007ff77c200000 - 0x00007ff77c210000 	C:\Program Files\Java\jdk-17\bin\javaw.exe
0x00007ffb37070000 - 0x00007ffb37267000 	C:\Windows\SYSTEM32\ntdll.dll
0x00007ffb360c0000 - 0x00007ffb3617d000 	C:\Windows\System32\KERNEL32.DLL
0x00007ffb34c20000 - 0x00007ffb34f16000 	C:\Windows\System32\KERNELBASE.dll
0x00007ffb34f20000 - 0x00007ffb35020000 	C:\Windows\System32\ucrtbase.dll
0x00007ffb2a580000 - 0x00007ffb2a59b000 	C:\Program Files\Java\jdk-17\bin\VCRUNTIME140.dll
0x00007ffb2bd00000 - 0x00007ffb2bd19000 	C:\Program Files\Java\jdk-17\bin\jli.dll
0x00007ffb35540000 - 0x00007ffb355ee000 	C:\Windows\System32\ADVAPI32.dll
0x00007ffb353c0000 - 0x00007ffb3545e000 	C:\Windows\System32\msvcrt.dll
0x00007ffb36db0000 - 0x00007ffb36e4c000 	C:\Windows\System32\sechost.dll
0x00007ffb35c20000 - 0x00007ffb35d46000 	C:\Windows\System32\RPCRT4.dll
0x00007ffb361d0000 - 0x00007ffb3636e000 	C:\Windows\System32\USER32.dll
0x00007ffb148b0000 - 0x00007ffb14b4a000 	C:\Windows\WinSxS\amd64_microsoft.windows.common-controls_6595b64144ccf1df_6.0.19041.3570_none_60bb2a3971f3e41a\COMCTL32.dll
0x00007ffb34a30000 - 0x00007ffb34a52000 	C:\Windows\System32\win32u.dll
0x00007ffb35460000 - 0x00007ffb3548c000 	C:\Windows\System32\GDI32.dll
0x00007ffb34a60000 - 0x00007ffb34b7a000 	C:\Windows\System32\gdi32full.dll
0x00007ffb347e0000 - 0x00007ffb3487d000 	C:\Windows\System32\msvcp_win.dll
0x00007ffb28ff0000 - 0x00007ffb28ffa000 	C:\Windows\SYSTEM32\VERSION.dll
0x00007ffb361a0000 - 0x00007ffb361d0000 	C:\Windows\System32\IMM32.DLL
0x00007ffb2fdc0000 - 0x00007ffb2fdcc000 	C:\Program Files\Java\jdk-17\bin\vcruntime140_1.dll
0x00007ffb26740000 - 0x00007ffb267ce000 	C:\Program Files\Java\jdk-17\bin\msvcp140.dll
0x00007ffafc160000 - 0x00007ffafcd41000 	C:\Program Files\Java\jdk-17\bin\server\jvm.dll
0x00007ffb36ac0000 - 0x00007ffb36ac8000 	C:\Windows\System32\PSAPI.DLL
0x00007ffb2a570000 - 0x00007ffb2a579000 	C:\Windows\SYSTEM32\WSOCK32.dll
0x00007ffb26c50000 - 0x00007ffb26c77000 	C:\Windows\SYSTEM32\WINMM.dll
0x00007ffb35350000 - 0x00007ffb353bb000 	C:\Windows\System32\WS2_32.dll
0x00007ffb32f80000 - 0x00007ffb32f92000 	C:\Windows\SYSTEM32\kernel.appcore.dll
0x00007ffb26a70000 - 0x00007ffb26a7a000 	C:\Program Files\Java\jdk-17\bin\jimage.dll
0x00007ffb32d20000 - 0x00007ffb32f04000 	C:\Windows\SYSTEM32\DBGHELP.DLL
0x00007ffb0f9b0000 - 0x00007ffb0f9e4000 	C:\Windows\SYSTEM32\dbgcore.DLL
0x00007ffb34750000 - 0x00007ffb347d2000 	C:\Windows\System32\bcryptPrimitives.dll
0x00007ffb26970000 - 0x00007ffb26995000 	C:\Program Files\Java\jdk-17\bin\java.dll
0x00007ffb26660000 - 0x00007ffb26737000 	C:\Program Files\Java\jdk-17\bin\jsvml.dll
0x00007ffb36370000 - 0x00007ffb36ab4000 	C:\Windows\System32\SHELL32.dll
0x00007ffb324c0000 - 0x00007ffb32c5b000 	C:\Windows\SYSTEM32\windows.storage.dll
0x00007ffb35d50000 - 0x00007ffb360a4000 	C:\Windows\System32\combase.dll
0x00007ffb34190000 - 0x00007ffb341bd000 	C:\Windows\SYSTEM32\Wldp.dll
0x00007ffb36bb0000 - 0x00007ffb36c5d000 	C:\Windows\System32\SHCORE.dll
0x00007ffb352f0000 - 0x00007ffb35345000 	C:\Windows\System32\shlwapi.dll
0x00007ffb34680000 - 0x00007ffb346a5000 	C:\Windows\SYSTEM32\profapi.dll
0x00007ffb26640000 - 0x00007ffb26659000 	C:\Program Files\Java\jdk-17\bin\net.dll
0x00007ffb2ec40000 - 0x00007ffb2ed4a000 	C:\Windows\SYSTEM32\WINHTTP.dll
0x00007ffb33ef0000 - 0x00007ffb33f5a000 	C:\Windows\system32\mswsock.dll
0x00007ffb26620000 - 0x00007ffb26636000 	C:\Program Files\Java\jdk-17\bin\nio.dll
0x00007ffb26600000 - 0x00007ffb26618000 	C:\Program Files\Java\jdk-17\bin\zip.dll
0x00007ffb33be0000 - 0x00007ffb33caa000 	C:\Windows\SYSTEM32\DNSAPI.dll
0x00007ffb33b90000 - 0x00007ffb33bcb000 	C:\Windows\SYSTEM32\IPHLPAPI.DLL
0x00007ffb35130000 - 0x00007ffb35138000 	C:\Windows\System32\NSI.dll
0x00007ffb28c40000 - 0x00007ffb28c4a000 	C:\Windows\System32\rasadhlp.dll
0x00007ffb21cf0000 - 0x00007ffb21d72000 	C:\Windows\System32\fwpuclnt.dll
0x00007ffb34bf0000 - 0x00007ffb34c17000 	C:\Windows\System32\bcrypt.dll
0x00007ffb340e0000 - 0x00007ffb340f8000 	C:\Windows\SYSTEM32\CRYPTSP.dll
0x00007ffb33790000 - 0x00007ffb337c4000 	C:\Windows\system32\rsaenh.dll
0x00007ffb34640000 - 0x00007ffb3466e000 	C:\Windows\SYSTEM32\USERENV.dll
0x00007ffb34100000 - 0x00007ffb3410c000 	C:\Windows\SYSTEM32\CRYPTBASE.dll
0x00007ffb29b80000 - 0x00007ffb29b97000 	C:\Windows\SYSTEM32\dhcpcsvc6.DLL
0x00007ffb29c30000 - 0x00007ffb29c4d000 	C:\Windows\SYSTEM32\dhcpcsvc.DLL
0x00007ffb265e0000 - 0x00007ffb265ee000 	C:\Program Files\Java\jdk-17\bin\sunmscapi.dll
0x00007ffb348d0000 - 0x00007ffb34a2d000 	C:\Windows\System32\CRYPT32.dll
0x00007ffb34200000 - 0x00007ffb34227000 	C:\Windows\SYSTEM32\ncrypt.dll
0x00007ffb341c0000 - 0x00007ffb341fb000 	C:\Windows\SYSTEM32\NTASN1.dll
0x00007ffb14180000 - 0x00007ffb14187000 	C:\Windows\system32\wshunix.dll

dbghelp: loaded successfully - version: 4.0.5 - missing functions: none
symbol engine: initialized successfully - sym options: 0x614 - pdb path: .;C:\Program Files\Java\jdk-17\bin;C:\Windows\SYSTEM32;C:\Windows\WinSxS\amd64_microsoft.windows.common-controls_6595b64144ccf1df_6.0.19041.3570_none_60bb2a3971f3e41a;C:\Program Files\Java\jdk-17\bin\server

VM Arguments:
jvm_args: -ea -Dfile.encoding=UTF-8 -Dstdout.encoding=UTF-8 -Dstderr.encoding=UTF-8 -XX:+ShowCodeDetailsInExceptionMessages 
java_command: org.testng.remote.RemoteTestNG -serport 54624 -protocol json -d C:\Users\User\eclipse-workspace\Webportal\test-output C:\Users\User\AppData\Local\Temp\testng-eclipse--2090897814\testng-customsuite.xml
java_class_path (initial): C:\Users\User\eclipse\java-2023-09\eclipse\configuration\org.eclipse.osgi\521\0\.cp\lib\testng-remote.jar;C:\Users\User\eclipse-workspace\Webportal\target\test-classes;C:\Users\User\eclipse-workspace\Webportal\target\classes;C:\Users\User\.p2\pool\plugins\org.testng_7.4.0.r202105021533.jar;C:\Users\User\.p2\pool\plugins\com.beust.jcommander_1.78.0.jar;C:\Users\User\.p2\pool\plugins\org.apache-extras.beanshell.bsh_2.0.0.b6.jar;C:\Users\User\.p2\pool\plugins\org.yaml.snakeyaml_1.21.0.jar;C:\Users\User\.p2\pool\plugins\org.webjars.jquery_3.5.1.jar;C:\Users\User\.m2\repository\org\seleniumhq\selenium\selenium-java\4.15.0\selenium-java-4.15.0.jar;C:\Users\User\.m2\repository\org\seleniumhq\selenium\selenium-api\4.15.0\selenium-api-4.15.0.jar;C:\Users\User\.m2\repository\org\seleniumhq\selenium\selenium-chrome-driver\4.15.0\selenium-chrome-driver-4.15.0.jar;C:\Users\User\.m2\repository\com\google\auto\service\auto-service-annotations\1.1.1\auto-service-annotations-1.1.1.jar;C:\Users\User\.m2\repository\org\seleniumhq\selenium\selenium-chromium-driver\4.15.0\selenium-chromium-driver-4.15.0.jar;C:\Users\User\.m2\repository\org\seleniumhq\selenium\selenium-json\4.15.0\selenium-json-4.15.0.jar;C:\Users\User\.m2\repository\org\seleniumhq\selenium\selenium-manager\4.15.0\selenium-manager-4.15.0.jar;C:\Users\User\.m2\repository\org\seleniumhq\selenium\selenium-devtools-v117\4.15.0\selenium-devtools-v117-4.15.0.jar;C:\Users\User\.m2\repository\org\seleniumhq\selenium\selenium-devtools-v118\4.15.0\selenium-devtools-v118-4.15.0.jar;C:\Users\User\.m2\repository\org\seleniumhq\selenium\selenium-devtools-v119\4.15.0\selenium-devtools-v119-4.15.0.jar;C:\Users\User\.m2\repository\org\seleniumhq\selenium\selenium-devtools-v85\4.15.0\selenium-devtools-v85-4.15.0.jar;C:\Users\User\.m2\repository\org\seleniumhq\selenium\selenium-edge-driver\4.15.0\selenium-edge-driver-4.15.0.jar;C:\Users\User\.m2\repository\org\seleniumhq\selenium\selenium-firefox-driver\4.15.0\
Launcher Type: SUN_STANDARD

[Global flags]
     intx CICompilerCount                          = 4                                         {product} {ergonomic}
     uint ConcGCThreads                            = 2                                         {product} {ergonomic}
     uint G1ConcRefinementThreads                  = 8                                         {product} {ergonomic}
   size_t G1HeapRegionSize                         = 1048576                                   {product} {ergonomic}
    uintx GCDrainStackTargetSize                   = 64                                        {product} {ergonomic}
   size_t InitialHeapSize                          = 130023424                                 {product} {ergonomic}
   size_t MarkStackSize                            = 4194304                                   {product} {ergonomic}
   size_t MaxHeapSize                              = 2078277632                                {product} {ergonomic}
   size_t MaxNewSize                               = 1246756864                                {product} {ergonomic}
   size_t MinHeapDeltaBytes                        = 1048576                                   {product} {ergonomic}
   size_t MinHeapSize                              = 8388608                                   {product} {ergonomic}
    uintx NonNMethodCodeHeapSize                   = 5839372                                {pd product} {ergonomic}
    uintx NonProfiledCodeHeapSize                  = 122909434                              {pd product} {ergonomic}
    uintx ProfiledCodeHeapSize                     = 122909434                              {pd product} {ergonomic}
    uintx ReservedCodeCacheSize                    = 251658240                              {pd product} {ergonomic}
     bool SegmentedCodeCache                       = true                                      {product} {ergonomic}
     bool ShowCodeDetailsInExceptionMessages       = true                                   {manageable} {command line}
   size_t SoftMaxHeapSize                          = 2078277632                             {manageable} {ergonomic}
     bool UseCompressedClassPointers               = true                           {product lp64_product} {ergonomic}
     bool UseCompressedOops                        = true                           {product lp64_product} {ergonomic}
     bool UseG1GC                                  = true                                      {product} {ergonomic}
     bool UseLargePagesIndividualAllocation        = false                                  {pd product} {ergonomic}

Logging:
Log output configuration:
 #0: stdout all=warning uptime,level,tags
 #1: stderr all=off uptime,level,tags

Environment Variables:
JAVA_HOME=C:\Program Files\Java\jdk-17
PATH=C:\Program Files\Common Files\Oracle\Java\javapath;C:\Program Files\Java\jdk1.8.0_202\bin;C:\Windows\system32;C:\Windows;C:\Windows\System32\Wbem;C:\Windows\System32\WindowsPowerShell\v1.0\;C:\Windows\System32\OpenSSH\;C:\Users\User\AppData\Local\Android\Sdk;C:\Users\User\AppData\Local\Android\Sdk\tools\lib\x86_64;C:\Users\User\AppData\Local\Android\Sdk\tools;C:\Users\User\AppData\Local\Android\Sdk\platform-tools;C:\Users\User\AppData\Local\Android\Sdk\build-tools;C:\Program Files\Java\jdk-17;C:\Users\User\AppData\Local\Android\Sdk;C:\Users\User\AppData\Roaming\fire-flink-client\JDK\jdk-11;C:\Users\User\AppData\Roaming\fire-flink-client\JDK\jdk-11\bin;C:\Users\User\AppData\Local\Android\Sdk\tools;C:\Users\User\AppData\Local\Android\Sdk\platform-tools;C:\Users\User\AppData\Local\Android\Sdk\build-tools;C:\Users\User\AppData\Local\Android\Sdk\tools\lib\x86_64;
USERNAME=Bharath
OS=Windows_NT
PROCESSOR_IDENTIFIER=Intel64 Family 6 Model 140 Stepping 1, GenuineIntel



---------------  S Y S T E M  ---------------

OS:
 Windows 10 , 64 bit Build 19041 (10.0.19041.3570)
OS uptime: 14 days 5:53 hours

CPU: total 8 (initial active 8) (4 cores per cpu, 2 threads per core) family 6 model 140 stepping 1 microcode 0xac, cx8, cmov, fxsr, ht, mmx, 3dnowpref, sse, sse2, sse3, ssse3, sse4.1, sse4.2, popcnt, lzcnt, tsc, tscinvbit, avx, avx2, aes, erms, clmul, bmi1, bmi2, adx, avx512f, avx512dq, avx512cd, avx512bw, avx512vl, sha, fma, vzeroupper, avx512_vpopcntdq, avx512_vpclmulqdq, avx512_vaes, avx512_vnni, clflush, clflushopt, clwb, avx512_vbmi2, avx512_vbmi

Memory: 4k page, system-wide physical 7920M (618M free)
TotalPageFile size 32496M (AvailPageFile size 2M)
current process WorkingSet (physical memory assigned to process): 107M, peak: 107M
current process commit charge ("private bytes"): 247M, peak: 248M

vm_info: Java HotSpot(TM) 64-Bit Server VM (17.0.9+11-LTS-201) for windows-amd64 JRE (17.0.9+11-LTS-201), built on Oct 10 2023 23:16:06 by "mach5one" with MS VC++ 17.1 (VS2022)

END.
