#
# There is insufficient memory for the Java Runtime Environment to continue.
# Native memory allocation (malloc) failed to allocate 746080 bytes for Chunk::new
# Possible reasons:
#   The system is out of physical RAM or swap space
#   The process is running with CompressedOops enabled, and the Java Heap may be blocking the growth of the native heap
# Possible solutions:
#   Reduce memory load on the system
#   Increase physical memory or swap space
#   Check if swap backing store is full
#   Decrease Java heap size (-Xmx/-Xms)
#   Decrease number of Java threads
#   Decrease Java thread stack sizes (-Xss)
#   Set larger code cache with -XX:ReservedCodeCacheSize=
#   JVM is running with Unscaled Compressed Oops mode in which the Java heap is
#     placed in the first 4GB address space. The Java Heap base address is the
#     maximum limit for the native heap growth. Please use -XX:HeapBaseMinAddress
#     to set the Java Heap base and to place the Java Heap above 4GB virtual address.
# This output file may be truncated or incomplete.
#
#  Out of Memory Error (arena.cpp:189), pid=31204, tid=5984
#
# JRE version: Java(TM) SE Runtime Environment (17.0.9+11) (build 17.0.9+11-LTS-201)
# Java VM: Java HotSpot(TM) 64-Bit Server VM (17.0.9+11-LTS-201, mixed mode, sharing, tiered, compressed oops, compressed class ptrs, g1 gc, windows-amd64)
# No core dump will be written. Minidumps are not enabled by default on client versions of Windows
#

---------------  S U M M A R Y ------------

Command Line: -ea -Dfile.encoding=UTF-8 -Dstdout.encoding=UTF-8 -Dstderr.encoding=UTF-8 -XX:+ShowCodeDetailsInExceptionMessages org.testng.remote.RemoteTestNG -serport 54653 -protocol json -d C:\Users\User\eclipse-workspace\Webportal\test-output C:\Users\User\AppData\Local\Temp\testng-eclipse-1979881822\testng-customsuite.xml

Host: 11th Gen Intel(R) Core(TM) i5-1135G7 @ 2.40GHz, 8 cores, 7G,  Windows 10 , 64 bit Build 19041 (10.0.19041.3570)
Time: Wed Nov 29 17:23:19 2023 India Standard Time elapsed time: 8.587862 seconds (0d 0h 0m 8s)

---------------  T H R E A D  ---------------

Current thread (0x0000027ba3598c50):  JavaThread "C2 CompilerThread0" daemon [_thread_in_native, id=5984, stack(0x000000bda8d00000,0x000000bda8e00000)]


Current CompileTask:
C2:   8588 1844       4       java.lang.invoke.MethodType::makeImpl (109 bytes)

Stack: [0x000000bda8d00000,0x000000bda8e00000]
Native frames: (J=compiled Java code, j=interpreted, Vv=VM code, C=native code)
V  [jvm.dll+0x678a4a]
V  [jvm.dll+0x7d9cfd]
V  [jvm.dll+0x7db60e]
V  [jvm.dll+0x7dbc73]
V  [jvm.dll+0x245e1f]
V  [jvm.dll+0xaaafb]
V  [jvm.dll+0xab09c]
V  [jvm.dll+0x36237e]
V  [jvm.dll+0x1bb7c5]
V  [jvm.dll+0x218287]
V  [jvm.dll+0x217561]
V  [jvm.dll+0x1a3bc0]
V  [jvm.dll+0x2272de]
V  [jvm.dll+0x22548b]
V  [jvm.dll+0x78f58c]
V  [jvm.dll+0x78998a]
V  [jvm.dll+0x677875]
C  [ucrtbase.dll+0x21bb2]
C  [KERNEL32.DLL+0x17344]
C  [ntdll.dll+0x526b1]


---------------  P R O C E S S  ---------------

Threads class SMR info:
_java_thread_list=0x0000027be9753ee0, length=27, elements={
0x0000027b83678e80, 0x0000027ba356c420, 0x0000027ba356ee40, 0x0000027ba3580030,
0x0000027ba3580900, 0x0000027ba35831e0, 0x0000027ba3583ab0, 0x0000027ba3598c50,
0x0000027ba3599560, 0x0000027ba35860d0, 0x0000027ba37e04f0, 0x0000027ba37eae70,
0x0000027be9239070, 0x0000027ba39b2630, 0x0000027be97a6280, 0x0000027be98d7950,
0x0000027be9963ef0, 0x0000027be9962fc0, 0x0000027be99639e0, 0x0000027be9960740,
0x0000027be9962090, 0x0000027be9961670, 0x0000027be99625a0, 0x0000027be9960c50,
0x0000027be9961b80, 0x0000027be9961160, 0x0000027be9746c10
}

Java Threads: ( => current thread )
  0x0000027b83678e80 JavaThread "Forwarding maximizeCurrentWindow on session 799e272cd00fc046aa806bc3b8a85ce5 to remote" [_thread_blocked, id=12488, stack(0x000000bda8000000,0x000000bda8100000)]
  0x0000027ba356c420 JavaThread "Reference Handler" daemon [_thread_blocked, id=34220, stack(0x000000bda8700000,0x000000bda8800000)]
  0x0000027ba356ee40 JavaThread "Finalizer" daemon [_thread_blocked, id=33184, stack(0x000000bda8800000,0x000000bda8900000)]
  0x0000027ba3580030 JavaThread "Signal Dispatcher" daemon [_thread_blocked, id=36132, stack(0x000000bda8900000,0x000000bda8a00000)]
  0x0000027ba3580900 JavaThread "Attach Listener" daemon [_thread_blocked, id=35000, stack(0x000000bda8a00000,0x000000bda8b00000)]
  0x0000027ba35831e0 JavaThread "Service Thread" daemon [_thread_blocked, id=36832, stack(0x000000bda8b00000,0x000000bda8c00000)]
  0x0000027ba3583ab0 JavaThread "Monitor Deflation Thread" daemon [_thread_blocked, id=31624, stack(0x000000bda8c00000,0x000000bda8d00000)]
=>0x0000027ba3598c50 JavaThread "C2 CompilerThread0" daemon [_thread_in_native, id=5984, stack(0x000000bda8d00000,0x000000bda8e00000)]
  0x0000027ba3599560 JavaThread "C1 CompilerThread0" daemon [_thread_blocked, id=27356, stack(0x000000bda8e00000,0x000000bda8f00000)]
  0x0000027ba35860d0 JavaThread "Sweeper thread" daemon [_thread_blocked, id=33560, stack(0x000000bda8f00000,0x000000bda9000000)]
  0x0000027ba37e04f0 JavaThread "Notification Thread" daemon [_thread_blocked, id=24896, stack(0x000000bda9000000,0x000000bda9100000)]
  0x0000027ba37eae70 JavaThread "Common-Cleaner" daemon [_thread_blocked, id=15496, stack(0x000000bda9200000,0x000000bda9300000)]
  0x0000027be9239070 JavaThread "ReaderThread" [_thread_in_native, id=1904, stack(0x000000bda9500000,0x000000bda9600000)]
  0x0000027ba39b2630 JavaThread "ForkJoinPool.commonPool-worker-1" daemon [_thread_blocked, id=35404, stack(0x000000bda9d00000,0x000000bda9e00000)]
  0x0000027be97a6280 JavaThread "HttpClient-1-SelectorManager" daemon [_thread_in_native, id=16476, stack(0x000000bda9f00000,0x000000bdaa000000)]
  0x0000027be98d7950 JavaThread "Thread-2" [_thread_in_native, id=8776, stack(0x000000bdaa000000,0x000000bdaa100000)]
  0x0000027be9963ef0 JavaThread "Driver Service Executor" daemon [_thread_blocked, id=6076, stack(0x000000bdaa100000,0x000000bdaa200000)]
  0x0000027be9962fc0 JavaThread "Driver Service Executor" daemon [_thread_in_native, id=5408, stack(0x000000bdaa200000,0x000000bdaa300000)]
  0x0000027be99639e0 JavaThread "UrlChecker-2" daemon [_thread_blocked, id=35928, stack(0x000000bdaa300000,0x000000bdaa400000)]
  0x0000027be9960740 JavaThread "pool-1-thread-1" [_thread_blocked, id=36472, stack(0x000000bdaa500000,0x000000bdaa600000)]
  0x0000027be9962090 JavaThread "pool-1-thread-2" [_thread_blocked, id=13712, stack(0x000000bdaa600000,0x000000bdaa700000)]
  0x0000027be9961670 JavaThread "pool-1-thread-3" [_thread_blocked, id=27976, stack(0x000000bdaa700000,0x000000bdaa800000)]
  0x0000027be99625a0 JavaThread "HttpClient-2-SelectorManager" daemon [_thread_in_native, id=28164, stack(0x000000bda9e00000,0x000000bda9f00000)]
  0x0000027be9960c50 JavaThread "pool-2-thread-1" [_thread_blocked, id=3468, stack(0x000000bdaa400000,0x000000bdaa500000)]
  0x0000027be9961b80 JavaThread "pool-2-thread-2" [_thread_blocked, id=18472, stack(0x000000bdaa800000,0x000000bdaa900000)]
  0x0000027be9961160 JavaThread "pool-2-thread-3" [_thread_blocked, id=30768, stack(0x000000bdaa900000,0x000000bdaaa00000)]
  0x0000027be9746c10 JavaThread "C2 CompilerThread1" daemon [_thread_blocked, id=34684, stack(0x000000bdaaa00000,0x000000bdaab00000)]

Other Threads:
  0x0000027ba35681b0 VMThread "VM Thread" [stack: 0x000000bda8600000,0x000000bda8700000] [id=13256]
  0x0000027ba37e0dd0 WatcherThread [stack: 0x000000bda9100000,0x000000bda9200000] [id=26988]
  0x0000027b836d3e40 GCTaskThread "GC Thread#0" [stack: 0x000000bda8100000,0x000000bda8200000] [id=20176]
  0x0000027be9582410 GCTaskThread "GC Thread#1" [stack: 0x000000bda9300000,0x000000bda9400000] [id=31576]
  0x0000027be9582f40 GCTaskThread "GC Thread#2" [stack: 0x000000bda9600000,0x000000bda9700000] [id=23260]
  0x0000027be960af90 GCTaskThread "GC Thread#3" [stack: 0x000000bda9700000,0x000000bda9800000] [id=34992]
  0x0000027be9651f70 GCTaskThread "GC Thread#4" [stack: 0x000000bda9800000,0x000000bda9900000] [id=35828]
  0x0000027be9652230 GCTaskThread "GC Thread#5" [stack: 0x000000bda9900000,0x000000bda9a00000] [id=15932]
  0x0000027be96524f0 GCTaskThread "GC Thread#6" [stack: 0x000000bda9a00000,0x000000bda9b00000] [id=18488]
  0x0000027be96527b0 GCTaskThread "GC Thread#7" [stack: 0x000000bda9b00000,0x000000bda9c00000] [id=24292]
  0x0000027b836e4c00 ConcurrentGCThread "G1 Main Marker" [stack: 0x000000bda8200000,0x000000bda8300000] [id=4692]
  0x0000027b836e5520 ConcurrentGCThread "G1 Conc#0" [stack: 0x000000bda8300000,0x000000bda8400000] [id=34968]
  0x0000027b8374e240 ConcurrentGCThread "G1 Refine#0" [stack: 0x000000bda8400000,0x000000bda8500000] [id=36428]
  0x0000027be960d260 ConcurrentGCThread "G1 Refine#1" [stack: 0x000000bda9c00000,0x000000bda9d00000] [id=3852]
  0x0000027b8374eb80 ConcurrentGCThread "G1 Service" [stack: 0x000000bda8500000,0x000000bda8600000] [id=8672]

Threads with active compile tasks:
C2 CompilerThread0     8602 1844       4       java.lang.invoke.MethodType::makeImpl (109 bytes)

VM state: not at safepoint (normal execution)

VM Mutex/Monitor currently owned by a thread: None

Heap address: 0x0000000084200000, size: 1982 MB, Compressed Oops mode: 32-bit

CDS archive(s) mapped at: [0x0000027ba4000000-0x0000027ba4bd0000-0x0000027ba4bd0000), size 12386304, SharedBaseAddress: 0x0000027ba4000000, ArchiveRelocationMode: 1.
Compressed class space mapped at: 0x0000027ba5000000-0x0000027be5000000, reserved size: 1073741824
Narrow klass base: 0x0000027ba4000000, Narrow klass shift: 0, Narrow klass range: 0x100000000

GC Precious Log:
 CPUs: 8 total, 8 available
 Memory: 7920M
 Large Page Support: Disabled
 NUMA Support: Disabled
 Compressed Oops: Enabled (32-bit)
 Heap Region Size: 1M
 Heap Min Capacity: 8M
 Heap Initial Capacity: 124M
 Heap Max Capacity: 1982M
 Pre-touch: Disabled
 Parallel Workers: 8
 Concurrent Workers: 2
 Concurrent Refinement Workers: 8
 Periodic GC: Disabled

Heap:
 garbage-first heap   total 126976K, used 31584K [0x0000000084200000, 0x0000000100000000)
  region size 1024K, 29 young (29696K), 3 survivors (3072K)
 Metaspace       used 17253K, committed 17536K, reserved 1114112K
  class space    used 2127K, committed 2240K, reserved 1048576K

Heap Regions: E=young(eden), S=young(survivor), O=old, HS=humongous(starts), HC=humongous(continues), CS=collection set, F=free, OA=open archive, CA=closed archive, TAMS=top-at-mark-start (previous, next)
|   0|0x0000000084200000, 0x0000000084300000, 0x0000000084300000|100%| O|  |TAMS 0x0000000084200000, 0x0000000084200000| Untracked 
|   1|0x0000000084300000, 0x0000000084400000, 0x0000000084400000|100%| O|  |TAMS 0x0000000084300000, 0x0000000084300000| Untracked 
|   2|0x0000000084400000, 0x00000000844d8200, 0x0000000084500000| 84%| O|  |TAMS 0x0000000084400000, 0x0000000084400000| Untracked 
|   3|0x0000000084500000, 0x0000000084500000, 0x0000000084600000|  0%| F|  |TAMS 0x0000000084500000, 0x0000000084500000| Untracked 
|   4|0x0000000084600000, 0x0000000084600000, 0x0000000084700000|  0%| F|  |TAMS 0x0000000084600000, 0x0000000084600000| Untracked 
|   5|0x0000000084700000, 0x0000000084700000, 0x0000000084800000|  0%| F|  |TAMS 0x0000000084700000, 0x0000000084700000| Untracked 
|   6|0x0000000084800000, 0x0000000084800000, 0x0000000084900000|  0%| F|  |TAMS 0x0000000084800000, 0x0000000084800000| Untracked 
|   7|0x0000000084900000, 0x0000000084900000, 0x0000000084a00000|  0%| F|  |TAMS 0x0000000084900000, 0x0000000084900000| Untracked 
|   8|0x0000000084a00000, 0x0000000084a00000, 0x0000000084b00000|  0%| F|  |TAMS 0x0000000084a00000, 0x0000000084a00000| Untracked 
|   9|0x0000000084b00000, 0x0000000084b00000, 0x0000000084c00000|  0%| F|  |TAMS 0x0000000084b00000, 0x0000000084b00000| Untracked 
|  10|0x0000000084c00000, 0x0000000084c00000, 0x0000000084d00000|  0%| F|  |TAMS 0x0000000084c00000, 0x0000000084c00000| Untracked 
|  11|0x0000000084d00000, 0x0000000084d00000, 0x0000000084e00000|  0%| F|  |TAMS 0x0000000084d00000, 0x0000000084d00000| Untracked 
|  12|0x0000000084e00000, 0x0000000084e00000, 0x0000000084f00000|  0%| F|  |TAMS 0x0000000084e00000, 0x0000000084e00000| Untracked 
|  13|0x0000000084f00000, 0x0000000084f00000, 0x0000000085000000|  0%| F|  |TAMS 0x0000000084f00000, 0x0000000084f00000| Untracked 
|  14|0x0000000085000000, 0x0000000085000000, 0x0000000085100000|  0%| F|  |TAMS 0x0000000085000000, 0x0000000085000000| Untracked 
|  15|0x0000000085100000, 0x0000000085100000, 0x0000000085200000|  0%| F|  |TAMS 0x0000000085100000, 0x0000000085100000| Untracked 
|  16|0x0000000085200000, 0x0000000085200000, 0x0000000085300000|  0%| F|  |TAMS 0x0000000085200000, 0x0000000085200000| Untracked 
|  17|0x0000000085300000, 0x0000000085300000, 0x0000000085400000|  0%| F|  |TAMS 0x0000000085300000, 0x0000000085300000| Untracked 
|  18|0x0000000085400000, 0x0000000085400000, 0x0000000085500000|  0%| F|  |TAMS 0x0000000085400000, 0x0000000085400000| Untracked 
|  19|0x0000000085500000, 0x0000000085500000, 0x0000000085600000|  0%| F|  |TAMS 0x0000000085500000, 0x0000000085500000| Untracked 
|  20|0x0000000085600000, 0x0000000085600000, 0x0000000085700000|  0%| F|  |TAMS 0x0000000085600000, 0x0000000085600000| Untracked 
|  21|0x0000000085700000, 0x0000000085700000, 0x0000000085800000|  0%| F|  |TAMS 0x0000000085700000, 0x0000000085700000| Untracked 
|  22|0x0000000085800000, 0x0000000085800000, 0x0000000085900000|  0%| F|  |TAMS 0x0000000085800000, 0x0000000085800000| Untracked 
|  23|0x0000000085900000, 0x0000000085900000, 0x0000000085a00000|  0%| F|  |TAMS 0x0000000085900000, 0x0000000085900000| Untracked 
|  24|0x0000000085a00000, 0x0000000085a00000, 0x0000000085b00000|  0%| F|  |TAMS 0x0000000085a00000, 0x0000000085a00000| Untracked 
|  25|0x0000000085b00000, 0x0000000085b00000, 0x0000000085c00000|  0%| F|  |TAMS 0x0000000085b00000, 0x0000000085b00000| Untracked 
|  26|0x0000000085c00000, 0x0000000085c00000, 0x0000000085d00000|  0%| F|  |TAMS 0x0000000085c00000, 0x0000000085c00000| Untracked 
|  27|0x0000000085d00000, 0x0000000085d00000, 0x0000000085e00000|  0%| F|  |TAMS 0x0000000085d00000, 0x0000000085d00000| Untracked 
|  28|0x0000000085e00000, 0x0000000085e00000, 0x0000000085f00000|  0%| F|  |TAMS 0x0000000085e00000, 0x0000000085e00000| Untracked 
|  29|0x0000000085f00000, 0x0000000085f00000, 0x0000000086000000|  0%| F|  |TAMS 0x0000000085f00000, 0x0000000085f00000| Untracked 
|  30|0x0000000086000000, 0x0000000086000000, 0x0000000086100000|  0%| F|  |TAMS 0x0000000086000000, 0x0000000086000000| Untracked 
|  31|0x0000000086100000, 0x0000000086100000, 0x0000000086200000|  0%| F|  |TAMS 0x0000000086100000, 0x0000000086100000| Untracked 
|  32|0x0000000086200000, 0x0000000086200000, 0x0000000086300000|  0%| F|  |TAMS 0x0000000086200000, 0x0000000086200000| Untracked 
|  33|0x0000000086300000, 0x0000000086300000, 0x0000000086400000|  0%| F|  |TAMS 0x0000000086300000, 0x0000000086300000| Untracked 
|  34|0x0000000086400000, 0x0000000086400000, 0x0000000086500000|  0%| F|  |TAMS 0x0000000086400000, 0x0000000086400000| Untracked 
|  35|0x0000000086500000, 0x0000000086500000, 0x0000000086600000|  0%| F|  |TAMS 0x0000000086500000, 0x0000000086500000| Untracked 
|  36|0x0000000086600000, 0x0000000086600000, 0x0000000086700000|  0%| F|  |TAMS 0x0000000086600000, 0x0000000086600000| Untracked 
|  37|0x0000000086700000, 0x0000000086700000, 0x0000000086800000|  0%| F|  |TAMS 0x0000000086700000, 0x0000000086700000| Untracked 
|  38|0x0000000086800000, 0x0000000086800000, 0x0000000086900000|  0%| F|  |TAMS 0x0000000086800000, 0x0000000086800000| Untracked 
|  39|0x0000000086900000, 0x0000000086900000, 0x0000000086a00000|  0%| F|  |TAMS 0x0000000086900000, 0x0000000086900000| Untracked 
|  40|0x0000000086a00000, 0x0000000086a00000, 0x0000000086b00000|  0%| F|  |TAMS 0x0000000086a00000, 0x0000000086a00000| Untracked 
|  41|0x0000000086b00000, 0x0000000086b00000, 0x0000000086c00000|  0%| F|  |TAMS 0x0000000086b00000, 0x0000000086b00000| Untracked 
|  42|0x0000000086c00000, 0x0000000086c00000, 0x0000000086d00000|  0%| F|  |TAMS 0x0000000086c00000, 0x0000000086c00000| Untracked 
|  43|0x0000000086d00000, 0x0000000086d00000, 0x0000000086e00000|  0%| F|  |TAMS 0x0000000086d00000, 0x0000000086d00000| Untracked 
|  44|0x0000000086e00000, 0x0000000086e00000, 0x0000000086f00000|  0%| F|  |TAMS 0x0000000086e00000, 0x0000000086e00000| Untracked 
|  45|0x0000000086f00000, 0x0000000086f00000, 0x0000000087000000|  0%| F|  |TAMS 0x0000000086f00000, 0x0000000086f00000| Untracked 
|  46|0x0000000087000000, 0x0000000087000000, 0x0000000087100000|  0%| F|  |TAMS 0x0000000087000000, 0x0000000087000000| Untracked 
|  47|0x0000000087100000, 0x0000000087100000, 0x0000000087200000|  0%| F|  |TAMS 0x0000000087100000, 0x0000000087100000| Untracked 
|  48|0x0000000087200000, 0x0000000087200000, 0x0000000087300000|  0%| F|  |TAMS 0x0000000087200000, 0x0000000087200000| Untracked 
|  49|0x0000000087300000, 0x0000000087300000, 0x0000000087400000|  0%| F|  |TAMS 0x0000000087300000, 0x0000000087300000| Untracked 
|  50|0x0000000087400000, 0x0000000087400000, 0x0000000087500000|  0%| F|  |TAMS 0x0000000087400000, 0x0000000087400000| Untracked 
|  51|0x0000000087500000, 0x0000000087500000, 0x0000000087600000|  0%| F|  |TAMS 0x0000000087500000, 0x0000000087500000| Untracked 
|  52|0x0000000087600000, 0x0000000087600000, 0x0000000087700000|  0%| F|  |TAMS 0x0000000087600000, 0x0000000087600000| Untracked 
|  53|0x0000000087700000, 0x0000000087700000, 0x0000000087800000|  0%| F|  |TAMS 0x0000000087700000, 0x0000000087700000| Untracked 
|  54|0x0000000087800000, 0x0000000087800000, 0x0000000087900000|  0%| F|  |TAMS 0x0000000087800000, 0x0000000087800000| Untracked 
|  55|0x0000000087900000, 0x0000000087900000, 0x0000000087a00000|  0%| F|  |TAMS 0x0000000087900000, 0x0000000087900000| Untracked 
|  56|0x0000000087a00000, 0x0000000087a00000, 0x0000000087b00000|  0%| F|  |TAMS 0x0000000087a00000, 0x0000000087a00000| Untracked 
|  57|0x0000000087b00000, 0x0000000087b00000, 0x0000000087c00000|  0%| F|  |TAMS 0x0000000087b00000, 0x0000000087b00000| Untracked 
|  58|0x0000000087c00000, 0x0000000087c00000, 0x0000000087d00000|  0%| F|  |TAMS 0x0000000087c00000, 0x0000000087c00000| Untracked 
|  59|0x0000000087d00000, 0x0000000087d00000, 0x0000000087e00000|  0%| F|  |TAMS 0x0000000087d00000, 0x0000000087d00000| Untracked 
|  60|0x0000000087e00000, 0x0000000087e00000, 0x0000000087f00000|  0%| F|  |TAMS 0x0000000087e00000, 0x0000000087e00000| Untracked 
|  61|0x0000000087f00000, 0x0000000087f00000, 0x0000000088000000|  0%| F|  |TAMS 0x0000000087f00000, 0x0000000087f00000| Untracked 
|  62|0x0000000088000000, 0x0000000088000000, 0x0000000088100000|  0%| F|  |TAMS 0x0000000088000000, 0x0000000088000000| Untracked 
|  63|0x0000000088100000, 0x0000000088100000, 0x0000000088200000|  0%| F|  |TAMS 0x0000000088100000, 0x0000000088100000| Untracked 
|  64|0x0000000088200000, 0x0000000088200000, 0x0000000088300000|  0%| F|  |TAMS 0x0000000088200000, 0x0000000088200000| Untracked 
|  65|0x0000000088300000, 0x0000000088300000, 0x0000000088400000|  0%| F|  |TAMS 0x0000000088300000, 0x0000000088300000| Untracked 
|  66|0x0000000088400000, 0x0000000088400000, 0x0000000088500000|  0%| F|  |TAMS 0x0000000088400000, 0x0000000088400000| Untracked 
|  67|0x0000000088500000, 0x0000000088500000, 0x0000000088600000|  0%| F|  |TAMS 0x0000000088500000, 0x0000000088500000| Untracked 
|  68|0x0000000088600000, 0x0000000088600000, 0x0000000088700000|  0%| F|  |TAMS 0x0000000088600000, 0x0000000088600000| Untracked 
|  69|0x0000000088700000, 0x0000000088700000, 0x0000000088800000|  0%| F|  |TAMS 0x0000000088700000, 0x0000000088700000| Untracked 
|  70|0x0000000088800000, 0x0000000088800000, 0x0000000088900000|  0%| F|  |TAMS 0x0000000088800000, 0x0000000088800000| Untracked 
|  71|0x0000000088900000, 0x0000000088900000, 0x0000000088a00000|  0%| F|  |TAMS 0x0000000088900000, 0x0000000088900000| Untracked 
|  72|0x0000000088a00000, 0x0000000088a00000, 0x0000000088b00000|  0%| F|  |TAMS 0x0000000088a00000, 0x0000000088a00000| Untracked 
|  73|0x0000000088b00000, 0x0000000088b00000, 0x0000000088c00000|  0%| F|  |TAMS 0x0000000088b00000, 0x0000000088b00000| Untracked 
|  74|0x0000000088c00000, 0x0000000088c00000, 0x0000000088d00000|  0%| F|  |TAMS 0x0000000088c00000, 0x0000000088c00000| Untracked 
|  75|0x0000000088d00000, 0x0000000088d00000, 0x0000000088e00000|  0%| F|  |TAMS 0x0000000088d00000, 0x0000000088d00000| Untracked 
|  76|0x0000000088e00000, 0x0000000088e00000, 0x0000000088f00000|  0%| F|  |TAMS 0x0000000088e00000, 0x0000000088e00000| Untracked 
|  77|0x0000000088f00000, 0x0000000088f00000, 0x0000000089000000|  0%| F|  |TAMS 0x0000000088f00000, 0x0000000088f00000| Untracked 
|  78|0x0000000089000000, 0x0000000089000000, 0x0000000089100000|  0%| F|  |TAMS 0x0000000089000000, 0x0000000089000000| Untracked 
|  79|0x0000000089100000, 0x0000000089100000, 0x0000000089200000|  0%| F|  |TAMS 0x0000000089100000, 0x0000000089100000| Untracked 
|  80|0x0000000089200000, 0x0000000089200000, 0x0000000089300000|  0%| F|  |TAMS 0x0000000089200000, 0x0000000089200000| Untracked 
|  81|0x0000000089300000, 0x0000000089300000, 0x0000000089400000|  0%| F|  |TAMS 0x0000000089300000, 0x0000000089300000| Untracked 
|  82|0x0000000089400000, 0x0000000089400000, 0x0000000089500000|  0%| F|  |TAMS 0x0000000089400000, 0x0000000089400000| Untracked 
|  83|0x0000000089500000, 0x0000000089500000, 0x0000000089600000|  0%| F|  |TAMS 0x0000000089500000, 0x0000000089500000| Untracked 
|  84|0x0000000089600000, 0x0000000089600000, 0x0000000089700000|  0%| F|  |TAMS 0x0000000089600000, 0x0000000089600000| Untracked 
|  85|0x0000000089700000, 0x0000000089700000, 0x0000000089800000|  0%| F|  |TAMS 0x0000000089700000, 0x0000000089700000| Untracked 
|  86|0x0000000089800000, 0x0000000089800000, 0x0000000089900000|  0%| F|  |TAMS 0x0000000089800000, 0x0000000089800000| Untracked 
|  87|0x0000000089900000, 0x0000000089900000, 0x0000000089a00000|  0%| F|  |TAMS 0x0000000089900000, 0x0000000089900000| Untracked 
|  88|0x0000000089a00000, 0x0000000089a00000, 0x0000000089b00000|  0%| F|  |TAMS 0x0000000089a00000, 0x0000000089a00000| Untracked 
|  89|0x0000000089b00000, 0x0000000089b00000, 0x0000000089c00000|  0%| F|  |TAMS 0x0000000089b00000, 0x0000000089b00000| Untracked 
|  90|0x0000000089c00000, 0x0000000089c00000, 0x0000000089d00000|  0%| F|  |TAMS 0x0000000089c00000, 0x0000000089c00000| Untracked 
|  91|0x0000000089d00000, 0x0000000089d00000, 0x0000000089e00000|  0%| F|  |TAMS 0x0000000089d00000, 0x0000000089d00000| Untracked 
|  92|0x0000000089e00000, 0x0000000089e00000, 0x0000000089f00000|  0%| F|  |TAMS 0x0000000089e00000, 0x0000000089e00000| Untracked 
|  93|0x0000000089f00000, 0x0000000089f00000, 0x000000008a000000|  0%| F|  |TAMS 0x0000000089f00000, 0x0000000089f00000| Untracked 
|  94|0x000000008a000000, 0x000000008a000000, 0x000000008a100000|  0%| F|  |TAMS 0x000000008a000000, 0x000000008a000000| Untracked 
|  95|0x000000008a100000, 0x000000008a12cf48, 0x000000008a200000| 17%| E|  |TAMS 0x000000008a100000, 0x000000008a100000| Complete 
|  96|0x000000008a200000, 0x000000008a300000, 0x000000008a300000|100%| E|CS|TAMS 0x000000008a200000, 0x000000008a200000| Complete 
|  97|0x000000008a300000, 0x000000008a400000, 0x000000008a400000|100%| E|CS|TAMS 0x000000008a300000, 0x000000008a300000| Complete 
|  98|0x000000008a400000, 0x000000008a500000, 0x000000008a500000|100%| S|CS|TAMS 0x000000008a400000, 0x000000008a400000| Complete 
|  99|0x000000008a500000, 0x000000008a600000, 0x000000008a600000|100%| S|CS|TAMS 0x000000008a500000, 0x000000008a500000| Complete 
| 100|0x000000008a600000, 0x000000008a700000, 0x000000008a700000|100%| S|CS|TAMS 0x000000008a600000, 0x000000008a600000| Complete 
| 101|0x000000008a700000, 0x000000008a800000, 0x000000008a800000|100%| E|CS|TAMS 0x000000008a700000, 0x000000008a700000| Complete 
| 102|0x000000008a800000, 0x000000008a900000, 0x000000008a900000|100%| E|CS|TAMS 0x000000008a800000, 0x000000008a800000| Complete 
| 103|0x000000008a900000, 0x000000008aa00000, 0x000000008aa00000|100%| E|CS|TAMS 0x000000008a900000, 0x000000008a900000| Complete 
| 104|0x000000008aa00000, 0x000000008ab00000, 0x000000008ab00000|100%| E|CS|TAMS 0x000000008aa00000, 0x000000008aa00000| Complete 
| 105|0x000000008ab00000, 0x000000008ac00000, 0x000000008ac00000|100%| E|CS|TAMS 0x000000008ab00000, 0x000000008ab00000| Complete 
| 106|0x000000008ac00000, 0x000000008ad00000, 0x000000008ad00000|100%| E|CS|TAMS 0x000000008ac00000, 0x000000008ac00000| Complete 
| 107|0x000000008ad00000, 0x000000008ae00000, 0x000000008ae00000|100%| E|CS|TAMS 0x000000008ad00000, 0x000000008ad00000| Complete 
| 108|0x000000008ae00000, 0x000000008af00000, 0x000000008af00000|100%| E|CS|TAMS 0x000000008ae00000, 0x000000008ae00000| Complete 
| 109|0x000000008af00000, 0x000000008b000000, 0x000000008b000000|100%| E|CS|TAMS 0x000000008af00000, 0x000000008af00000| Complete 
| 110|0x000000008b000000, 0x000000008b100000, 0x000000008b100000|100%| E|CS|TAMS 0x000000008b000000, 0x000000008b000000| Complete 
| 111|0x000000008b100000, 0x000000008b200000, 0x000000008b200000|100%| E|CS|TAMS 0x000000008b100000, 0x000000008b100000| Complete 
| 112|0x000000008b200000, 0x000000008b300000, 0x000000008b300000|100%| E|CS|TAMS 0x000000008b200000, 0x000000008b200000| Complete 
| 113|0x000000008b300000, 0x000000008b400000, 0x000000008b400000|100%| E|CS|TAMS 0x000000008b300000, 0x000000008b300000| Complete 
| 114|0x000000008b400000, 0x000000008b500000, 0x000000008b500000|100%| E|CS|TAMS 0x000000008b400000, 0x000000008b400000| Complete 
| 115|0x000000008b500000, 0x000000008b600000, 0x000000008b600000|100%| E|CS|TAMS 0x000000008b500000, 0x000000008b500000| Complete 
| 116|0x000000008b600000, 0x000000008b700000, 0x000000008b700000|100%| E|CS|TAMS 0x000000008b600000, 0x000000008b600000| Complete 
| 117|0x000000008b700000, 0x000000008b800000, 0x000000008b800000|100%| E|CS|TAMS 0x000000008b700000, 0x000000008b700000| Complete 
| 118|0x000000008b800000, 0x000000008b900000, 0x000000008b900000|100%| E|CS|TAMS 0x000000008b800000, 0x000000008b800000| Complete 
| 119|0x000000008b900000, 0x000000008ba00000, 0x000000008ba00000|100%| E|CS|TAMS 0x000000008b900000, 0x000000008b900000| Complete 
| 120|0x000000008ba00000, 0x000000008bb00000, 0x000000008bb00000|100%| E|CS|TAMS 0x000000008ba00000, 0x000000008ba00000| Complete 
| 121|0x000000008bb00000, 0x000000008bc00000, 0x000000008bc00000|100%| E|CS|TAMS 0x000000008bb00000, 0x000000008bb00000| Complete 
| 122|0x000000008bc00000, 0x000000008bd00000, 0x000000008bd00000|100%| E|CS|TAMS 0x000000008bc00000, 0x000000008bc00000| Complete 
| 123|0x000000008bd00000, 0x000000008be00000, 0x000000008be00000|100%| E|CS|TAMS 0x000000008bd00000, 0x000000008bd00000| Complete 

Card table byte_map: [0x0000027b9c540000,0x0000027b9c920000] _byte_map_base: 0x0000027b9c11f000

Marking Bits (Prev, Next): (CMBitMap*) 0x0000027b836d4370, (CMBitMap*) 0x0000027b836d43b0
 Prev Bits: [0x0000027b9cd00000, 0x0000027b9ebf8000)
 Next Bits: [0x0000027b9ec00000, 0x0000027ba0af8000)

Polling page: 0x0000027b83750000

Metaspace:

Usage:
  Non-class:     14.77 MB used.
      Class:      2.08 MB used.
       Both:     16.85 MB used.

Virtual space:
  Non-class space:       64.00 MB reserved,      14.94 MB ( 23%) committed,  1 nodes.
      Class space:        1.00 GB reserved,       2.19 MB ( <1%) committed,  1 nodes.
             Both:        1.06 GB reserved,      17.12 MB (  2%) committed. 

Chunk freelists:
   Non-Class:  480.00 KB
       Class:  13.62 MB
        Both:  14.09 MB

MaxMetaspaceSize: unlimited
CompressedClassSpaceSize: 1.00 GB
Initial GC threshold: 21.00 MB
Current GC threshold: 21.00 MB
CDS: on
MetaspaceReclaimPolicy: balanced
 - commit_granule_bytes: 65536.
 - commit_granule_words: 8192.
 - virtual_space_node_default_size: 8388608.
 - enlarge_chunks_in_place: 1.
 - new_chunks_are_fully_committed: 0.
 - uncommit_free_chunks: 1.
 - use_allocation_guard: 0.
 - handle_deallocations: 1.


Internal statistics:

num_allocs_failed_limit: 0.
num_arena_births: 290.
num_arena_deaths: 0.
num_vsnodes_births: 2.
num_vsnodes_deaths: 0.
num_space_committed: 274.
num_space_uncommitted: 0.
num_chunks_returned_to_freelist: 0.
num_chunks_taken_from_freelist: 720.
num_chunk_merges: 0.
num_chunk_splits: 449.
num_chunks_enlarged: 325.
num_inconsistent_stats: 0.

CodeHeap 'non-profiled nmethods': size=120000Kb used=693Kb max_used=693Kb free=119306Kb
 bounds [0x0000027b941c0000, 0x0000027b94430000, 0x0000027b9b6f0000]
CodeHeap 'profiled nmethods': size=120000Kb used=3790Kb max_used=3790Kb free=116209Kb
 bounds [0x0000027b8c6f0000, 0x0000027b8cab0000, 0x0000027b93c20000]
CodeHeap 'non-nmethods': size=5760Kb used=1250Kb max_used=1283Kb free=4509Kb
 bounds [0x0000027b93c20000, 0x0000027b93e90000, 0x0000027b941c0000]
 total_blobs=2508 nmethods=1960 adapters=460
 compilation: enabled
              stopped_count=0, restarted_count=0
 full_count=0

Compilation events (20 events):
Event: 8.572 Thread 0x0000027ba3599560 1952       3       java.util.TreeMap::fixAfterInsertion (267 bytes)
Event: 8.574 Thread 0x0000027ba3599560 nmethod 1952 0x0000027b8ca9ba10 code [0x0000027b8ca9bec0, 0x0000027b8ca9e598]
Event: 8.574 Thread 0x0000027ba3599560 1953       3       java.util.TreeMap::colorOf (13 bytes)
Event: 8.574 Thread 0x0000027ba3599560 nmethod 1953 0x0000027b8ca9f210 code [0x0000027b8ca9f3a0, 0x0000027b8ca9f4f8]
Event: 8.576 Thread 0x0000027ba3599560 1954       3       java.lang.invoke.SimpleMethodHandle::make (10 bytes)
Event: 8.577 Thread 0x0000027ba3599560 nmethod 1954 0x0000027b8ca9f590 code [0x0000027b8ca9f740, 0x0000027b8ca9f948]
Event: 8.577 Thread 0x0000027ba3599560 1955       3       java.lang.invoke.SimpleMethodHandle::<init> (7 bytes)
Event: 8.577 Thread 0x0000027ba3599560 nmethod 1955 0x0000027b8ca9fa90 code [0x0000027b8ca9fc40, 0x0000027b8ca9fe08]
Event: 8.577 Thread 0x0000027ba3599560 1956       3       java.lang.invoke.MethodHandleImpl$IntrinsicMethodHandle::<init> (25 bytes)
Event: 8.577 Thread 0x0000027ba3599560 nmethod 1956 0x0000027b8ca9ff10 code [0x0000027b8caa00e0, 0x0000027b8caa0738]
Event: 8.580 Thread 0x0000027ba3599560 1957       3       java.util.stream.AbstractPipeline::sourceSpliterator (265 bytes)
Event: 8.581 Thread 0x0000027ba3599560 nmethod 1957 0x0000027b8caa0910 code [0x0000027b8caa0b80, 0x0000027b8caa1968]
Event: 8.581 Thread 0x0000027ba3599560 1958       3       java.net.URI$Parser::scan (41 bytes)
Event: 8.581 Thread 0x0000027ba3599560 nmethod 1958 0x0000027b8caa1e10 code [0x0000027b8caa2060, 0x0000027b8caa2978]
Event: 8.582 Thread 0x0000027ba3599560 1959       3       java.util.ArrayList::clear (43 bytes)
Event: 8.582 Thread 0x0000027ba3599560 nmethod 1959 0x0000027b8caa2d90 code [0x0000027b8caa2f40, 0x0000027b8caa32b8]
Event: 8.582 Thread 0x0000027ba3599560 1960       3       jdk.internal.misc.Unsafe::checkPointer (19 bytes)
Event: 8.582 Thread 0x0000027ba3599560 nmethod 1960 0x0000027b8caa3410 code [0x0000027b8caa35e0, 0x0000027b8caa3988]
Event: 8.582 Thread 0x0000027ba3599560 1961       1       java.util.concurrent.atomic.AtomicReference::get (5 bytes)
Event: 8.582 Thread 0x0000027ba3599560 nmethod 1961 0x0000027b9426d190 code [0x0000027b9426d320, 0x0000027b9426d3f8]

GC Heap History (2 events):
Event: 1.147 GC heap before
{Heap before GC invocations=0 (full 0):
 garbage-first heap   total 126976K, used 22528K [0x0000000084200000, 0x0000000100000000)
  region size 1024K, 23 young (23552K), 0 survivors (0K)
 Metaspace       used 8107K, committed 8384K, reserved 1114112K
  class space    used 962K, committed 1088K, reserved 1048576K
}
Event: 1.152 GC heap after
{Heap after GC invocations=1 (full 0):
 garbage-first heap   total 126976K, used 5984K [0x0000000084200000, 0x0000000100000000)
  region size 1024K, 3 young (3072K), 3 survivors (3072K)
 Metaspace       used 8107K, committed 8384K, reserved 1114112K
  class space    used 962K, committed 1088K, reserved 1048576K
}

Deoptimization events (20 events):
Event: 0.688 Thread 0x0000027b83678e80 DEOPT PACKING pc=0x0000027b941dc6c0 sp=0x000000bda80fd570
Event: 0.688 Thread 0x0000027b83678e80 DEOPT UNPACKING pc=0x0000027b93c75ba3 sp=0x000000bda80fd4f8 mode 2
Event: 1.209 Thread 0x0000027b83678e80 Uncommon trap: trap_request=0xffffff45 fr.pc=0x0000027b9421e4d4 relative=0x00000000000001d4
Event: 1.209 Thread 0x0000027b83678e80 Uncommon trap: reason=unstable_if action=reinterpret pc=0x0000027b9421e4d4 method=java.util.HashMap.putVal(ILjava/lang/Object;Ljava/lang/Object;ZZ)Ljava/lang/Object; @ 162 c2
Event: 1.209 Thread 0x0000027b83678e80 DEOPT PACKING pc=0x0000027b9421e4d4 sp=0x000000bda80fc4b0
Event: 1.209 Thread 0x0000027b83678e80 DEOPT UNPACKING pc=0x0000027b93c75ba3 sp=0x000000bda80fc440 mode 2
Event: 1.288 Thread 0x0000027b83678e80 DEOPT PACKING pc=0x0000027b8c9890be sp=0x000000bda80fb670
Event: 1.288 Thread 0x0000027b83678e80 DEOPT UNPACKING pc=0x0000027b93c766e3 sp=0x000000bda80faaf0 mode 0
Event: 1.289 Thread 0x0000027b83678e80 DEOPT PACKING pc=0x0000027b8c9890be sp=0x000000bda80fb670
Event: 1.289 Thread 0x0000027b83678e80 DEOPT UNPACKING pc=0x0000027b93c766e3 sp=0x000000bda80faaf0 mode 0
Event: 1.290 Thread 0x0000027b83678e80 DEOPT PACKING pc=0x0000027b8c9890be sp=0x000000bda80fb690
Event: 1.290 Thread 0x0000027b83678e80 DEOPT UNPACKING pc=0x0000027b93c766e3 sp=0x000000bda80fab10 mode 0
Event: 1.290 Thread 0x0000027b83678e80 DEOPT PACKING pc=0x0000027b8c9890be sp=0x000000bda80fb690
Event: 1.290 Thread 0x0000027b83678e80 DEOPT UNPACKING pc=0x0000027b93c766e3 sp=0x000000bda80fab10 mode 0
Event: 1.291 Thread 0x0000027b83678e80 DEOPT PACKING pc=0x0000027b8c9890be sp=0x000000bda80fb670
Event: 1.291 Thread 0x0000027b83678e80 DEOPT UNPACKING pc=0x0000027b93c766e3 sp=0x000000bda80faaf0 mode 0
Event: 8.481 Thread 0x0000027b83678e80 Uncommon trap: trap_request=0xffffff45 fr.pc=0x0000027b942361bc relative=0x0000000000000f1c
Event: 8.481 Thread 0x0000027b83678e80 Uncommon trap: reason=unstable_if action=reinterpret pc=0x0000027b942361bc method=java.util.concurrent.ConcurrentHashMap.putVal(Ljava/lang/Object;Ljava/lang/Object;Z)Ljava/lang/Object; @ 231 c2
Event: 8.481 Thread 0x0000027b83678e80 DEOPT PACKING pc=0x0000027b942361bc sp=0x000000bda80fd6e0
Event: 8.481 Thread 0x0000027b83678e80 DEOPT UNPACKING pc=0x0000027b93c75ba3 sp=0x000000bda80fd650 mode 2

Classes unloaded (0 events):
No events

Classes redefined (0 events):
No events

Internal exceptions (20 events):
Event: 1.230 Thread 0x0000027b83678e80 Exception <a 'sun/nio/fs/WindowsException'{0x000000008ba75c08}> (0x000000008ba75c08) 
thrown [s\open\src\hotspot\share\prims\jni.cpp, line 516]
Event: 1.238 Thread 0x0000027b83678e80 Exception <a 'java/lang/NoSuchMethodError'{0x000000008ba9aaa8}: 'int java.lang.invoke.DirectMethodHandle$Holder.invokeStaticInit(java.lang.Object, java.lang.Object, java.lang.Object, java.lang.Object)'> (0x000000008ba9aaa8) 
thrown [s\open\src\hotspot\share\interpreter\linkResolver.cpp, line 759]
Event: 1.361 Thread 0x0000027b83678e80 Exception <a 'java/lang/NoSuchMethodError'{0x000000008b304048}: 'java.lang.Object java.lang.invoke.DirectMethodHandle$Holder.invokeInterface(java.lang.Object, java.lang.Object, java.lang.Object)'> (0x000000008b304048) 
thrown [s\open\src\hotspot\share\interpreter\linkResolver.cpp, line 759]
Event: 1.361 Thread 0x0000027b83678e80 Exception <a 'java/lang/IncompatibleClassChangeError'{0x000000008b307710}: Found class java.lang.Object, but interface was expected> (0x000000008b307710) 
thrown [s\open\src\hotspot\share\interpreter\linkResolver.cpp, line 826]
Event: 1.362 Thread 0x0000027b83678e80 Exception <a 'java/lang/NoSuchMethodError'{0x000000008b30fbb8}: 'int java.lang.invoke.DirectMethodHandle$Holder.invokeSpecialIFC(java.lang.Object, java.lang.Object, java.lang.Object, java.lang.Object)'> (0x000000008b30fbb8) 
thrown [s\open\src\hotspot\share\interpreter\linkResolver.cpp, line 759]
Event: 1.368 Thread 0x0000027b83678e80 Exception <a 'java/lang/NoSuchMethodError'{0x000000008b389038}: 'java.lang.Object java.lang.invoke.DirectMethodHandle$Holder.invokeVirtual(java.lang.Object, java.lang.Object, java.lang.Object, java.lang.Object)'> (0x000000008b389038) 
thrown [s\open\src\hotspot\share\interpreter\linkResolver.cpp, line 759]
Event: 1.383 Thread 0x0000027be99639e0 Exception <a 'java/net/ConnectException'{0x000000008b26d9b8}: Connection refused: no further information> (0x000000008b26d9b8) 
thrown [s\open\src\hotspot\share\prims\jni.cpp, line 535]
Event: 1.383 Thread 0x0000027be99639e0 Exception <a 'java/net/SocketException'{0x000000008b26dcf0}: Socket is not connected: shutdown> (0x000000008b26dcf0) 
thrown [s\open\src\hotspot\share\prims\jni.cpp, line 535]
Event: 1.407 Thread 0x0000027be99639e0 Exception <a 'java/net/ConnectException'{0x000000008b26ece8}: Connection refused: no further information> (0x000000008b26ece8) 
thrown [s\open\src\hotspot\share\prims\jni.cpp, line 535]
Event: 1.407 Thread 0x0000027be99639e0 Exception <a 'java/net/SocketException'{0x000000008b26f020}: Socket is not connected: shutdown> (0x000000008b26f020) 
thrown [s\open\src\hotspot\share\prims\jni.cpp, line 535]
Event: 1.463 Thread 0x0000027b83678e80 Exception <a 'java/lang/NoSuchMethodError'{0x000000008b16dc58}: 'java.lang.Object java.lang.invoke.DirectMethodHandle$Holder.newInvokeSpecial(java.lang.Object, java.lang.Object, int, int)'> (0x000000008b16dc58) 
thrown [s\open\src\hotspot\share\interpreter\linkResolver.cpp, line 759]
Event: 1.464 Thread 0x0000027b83678e80 Exception <a 'java/lang/NoSuchMethodError'{0x000000008b1789a0}: 'void java.lang.invoke.DirectMethodHandle$Holder.invokeStatic(java.lang.Object, java.lang.Object, int)'> (0x000000008b1789a0) 
thrown [s\open\src\hotspot\share\interpreter\linkResolver.cpp, line 759]
Event: 1.481 Thread 0x0000027b83678e80 Exception <a 'java/lang/NoSuchMethodError'{0x000000008b078560}: 'java.lang.Object java.lang.invoke.DirectMethodHandle$Holder.newInvokeSpecial(java.lang.Object, java.lang.Object, java.lang.Object, java.lang.Object, java.lang.Object)'> (0x000000008b078560) 
thrown [s\open\src\hotspot\share\interpreter\linkResolver.cpp, line 759]
Event: 1.519 Thread 0x0000027b83678e80 Exception <a 'java/lang/NoSuchMethodError'{0x000000008aeef328}: 'void java.lang.invoke.DirectMethodHandle$Holder.invokeSpecial(java.lang.Object, java.lang.Object, java.lang.Object)'> (0x000000008aeef328) 
thrown [s\open\src\hotspot\share\interpreter\linkResolver.cpp, line 759]
Event: 1.539 Thread 0x0000027be9960740 Exception <a 'java/lang/NoSuchMethodError'{0x000000008adbfa10}: 'java.lang.Object java.lang.invoke.DirectMethodHandle$Holder.invokeSpecial(java.lang.Object, java.lang.Object, java.lang.Object, java.lang.Object, int)'> (0x000000008adbfa10) 
thrown [s\open\src\hotspot\share\interpreter\linkResolver.cpp, line 759]
Event: 1.539 Thread 0x0000027be9960740 Exception <a 'java/lang/NoSuchMethodError'{0x000000008adc35d8}: 'java.lang.Object java.lang.invoke.Invokers$Holder.linkToTargetMethod(java.lang.Object, java.lang.Object, int, java.lang.Object)'> (0x000000008adc35d8) 
thrown [s\open\src\hotspot\share\interpreter\linkResolver.cpp, line 759]
Event: 1.555 Thread 0x0000027be9960740 Exception <a 'java/lang/NoSuchMethodError'{0x000000008ac15070}: 'void java.lang.invoke.DirectMethodHandle$Holder.invokeSpecial(java.lang.Object, java.lang.Object, java.lang.Object, java.lang.Object, java.lang.Object)'> (0x000000008ac15070) 
thrown [s\open\src\hotspot\share\interpreter\linkResolver.cpp, line 759]
Event: 8.370 Thread 0x0000027be9962090 Exception <a 'java/lang/NoSuchMethodError'{0x000000008ab12388}: 'java.lang.Object java.lang.invoke.DirectMethodHandle$Holder.newInvokeSpecial(java.lang.Object, java.lang.Object, long, java.lang.Object, java.lang.Object, java.lang.Object)'> (0x000000008ab12388) 
thrown [s\open\src\hotspot\share\interpreter\linkResolver.cpp, line 759]
Event: 8.376 Thread 0x0000027be9962090 Exception <a 'java/lang/NoSuchMethodError'{0x000000008ab303f0}: 'void java.lang.invoke.DirectMethodHandle$Holder.invokeSpecial(java.lang.Object, java.lang.Object, java.lang.Object, java.lang.Object, java.lang.Object, java.lang.Object, java.lang.Object)'> (0x000000008ab303f0) 
thrown [s\open\src\hotspot\share\interpreter\linkResolver.cpp, line 759]
Event: 8.455 Thread 0x0000027b83678e80 Exception <a 'java/lang/NoSuchMethodError'{0x000000008a905398}: 'java.lang.Object java.lang.invoke.DirectMethodHandle$Holder.invokeSpecialIFC(java.lang.Object, java.lang.Object, java.lang.Object)'> (0x000000008a905398) 
thrown [s\open\src\hotspot\share\interpreter\linkResolver.cpp, line 759]

VM Operations (20 events):
Event: 0.687 Executing VM operation: HandshakeAllThreads
Event: 0.687 Executing VM operation: HandshakeAllThreads done
Event: 1.147 Executing VM operation: G1CollectForAllocation
Event: 1.152 Executing VM operation: G1CollectForAllocation done
Event: 1.231 Executing VM operation: HandshakeAllThreads
Event: 1.231 Executing VM operation: HandshakeAllThreads done
Event: 1.267 Executing VM operation: HandshakeAllThreads
Event: 1.267 Executing VM operation: HandshakeAllThreads done
Event: 1.304 Executing VM operation: HandshakeAllThreads
Event: 1.304 Executing VM operation: HandshakeAllThreads done
Event: 1.440 Executing VM operation: HandshakeAllThreads
Event: 1.440 Executing VM operation: HandshakeAllThreads done
Event: 1.441 Executing VM operation: HandshakeAllThreads
Event: 1.441 Executing VM operation: HandshakeAllThreads done
Event: 1.507 Executing VM operation: HandshakeAllThreads
Event: 1.507 Executing VM operation: HandshakeAllThreads done
Event: 2.509 Executing VM operation: Cleanup
Event: 2.509 Executing VM operation: Cleanup done
Event: 8.359 Executing VM operation: HandshakeAllThreads
Event: 8.359 Executing VM operation: HandshakeAllThreads done

Events (20 events):
Event: 8.508 Thread 0x0000027be9960c50 Thread added: 0x0000027be9960c50
Event: 8.511 Thread 0x0000027be9961b80 Thread added: 0x0000027be9961b80
Event: 8.511 Thread 0x0000027be9961160 Thread added: 0x0000027be9961160
Event: 8.517 loading class java/util/concurrent/locks/ReadWriteLock
Event: 8.517 loading class java/util/concurrent/locks/ReadWriteLock done
Event: 8.518 loading class java/util/concurrent/locks/ReentrantReadWriteLock
Event: 8.518 loading class java/util/concurrent/locks/ReentrantReadWriteLock done
Event: 8.518 loading class java/util/concurrent/locks/ReentrantReadWriteLock$FairSync
Event: 8.518 loading class java/util/concurrent/locks/ReentrantReadWriteLock$Sync
Event: 8.518 loading class java/util/concurrent/locks/ReentrantReadWriteLock$Sync done
Event: 8.518 loading class java/util/concurrent/locks/ReentrantReadWriteLock$FairSync done
Event: 8.518 loading class java/util/concurrent/locks/ReentrantReadWriteLock$Sync$ThreadLocalHoldCounter
Event: 8.519 loading class java/util/concurrent/locks/ReentrantReadWriteLock$Sync$ThreadLocalHoldCounter done
Event: 8.519 loading class java/util/concurrent/locks/ReentrantReadWriteLock$ReadLock
Event: 8.519 loading class java/util/concurrent/locks/ReentrantReadWriteLock$ReadLock done
Event: 8.519 loading class java/util/concurrent/locks/ReentrantReadWriteLock$WriteLock
Event: 8.519 loading class java/util/concurrent/locks/ReentrantReadWriteLock$WriteLock done
Event: 8.527 loading class sun/net/www/HeaderParser
Event: 8.527 loading class sun/net/www/HeaderParser done
Event: 8.532 Thread 0x0000027be9746c10 Thread added: 0x0000027be9746c10


Dynamic libraries:
0x00007ff77c200000 - 0x00007ff77c210000 	C:\Program Files\Java\jdk-17\bin\javaw.exe
0x00007ffb37070000 - 0x00007ffb37267000 	C:\Windows\SYSTEM32\ntdll.dll
0x00007ffb360c0000 - 0x00007ffb3617d000 	C:\Windows\System32\KERNEL32.DLL
0x00007ffb34c20000 - 0x00007ffb34f16000 	C:\Windows\System32\KERNELBASE.dll
0x00007ffb34f20000 - 0x00007ffb35020000 	C:\Windows\System32\ucrtbase.dll
0x00007ffb2a580000 - 0x00007ffb2a59b000 	C:\Program Files\Java\jdk-17\bin\VCRUNTIME140.dll
0x00007ffb2bd00000 - 0x00007ffb2bd19000 	C:\Program Files\Java\jdk-17\bin\jli.dll
0x00007ffb35540000 - 0x00007ffb355ee000 	C:\Windows\System32\ADVAPI32.dll
0x00007ffb353c0000 - 0x00007ffb3545e000 	C:\Windows\System32\msvcrt.dll
0x00007ffb36db0000 - 0x00007ffb36e4c000 	C:\Windows\System32\sechost.dll
0x00007ffb35c20000 - 0x00007ffb35d46000 	C:\Windows\System32\RPCRT4.dll
0x00007ffb361d0000 - 0x00007ffb3636e000 	C:\Windows\System32\USER32.dll
0x00007ffb34a30000 - 0x00007ffb34a52000 	C:\Windows\System32\win32u.dll
0x00007ffb148b0000 - 0x00007ffb14b4a000 	C:\Windows\WinSxS\amd64_microsoft.windows.common-controls_6595b64144ccf1df_6.0.19041.3570_none_60bb2a3971f3e41a\COMCTL32.dll
0x00007ffb35460000 - 0x00007ffb3548c000 	C:\Windows\System32\GDI32.dll
0x00007ffb34a60000 - 0x00007ffb34b7a000 	C:\Windows\System32\gdi32full.dll
0x00007ffb347e0000 - 0x00007ffb3487d000 	C:\Windows\System32\msvcp_win.dll
0x00007ffb28ff0000 - 0x00007ffb28ffa000 	C:\Windows\SYSTEM32\VERSION.dll
0x00007ffb361a0000 - 0x00007ffb361d0000 	C:\Windows\System32\IMM32.DLL
0x00007ffb2fdc0000 - 0x00007ffb2fdcc000 	C:\Program Files\Java\jdk-17\bin\vcruntime140_1.dll
0x00007ffb26740000 - 0x00007ffb267ce000 	C:\Program Files\Java\jdk-17\bin\msvcp140.dll
0x00007ffafc160000 - 0x00007ffafcd41000 	C:\Program Files\Java\jdk-17\bin\server\jvm.dll
0x00007ffb36ac0000 - 0x00007ffb36ac8000 	C:\Windows\System32\PSAPI.DLL
0x00007ffb2a570000 - 0x00007ffb2a579000 	C:\Windows\SYSTEM32\WSOCK32.dll
0x00007ffb26c50000 - 0x00007ffb26c77000 	C:\Windows\SYSTEM32\WINMM.dll
0x00007ffb35350000 - 0x00007ffb353bb000 	C:\Windows\System32\ws2_32.DLL
0x00007ffb32f80000 - 0x00007ffb32f92000 	C:\Windows\SYSTEM32\kernel.appcore.dll
0x00007ffb26a70000 - 0x00007ffb26a7a000 	C:\Program Files\Java\jdk-17\bin\jimage.dll
0x00007ffb32d20000 - 0x00007ffb32f04000 	C:\Windows\SYSTEM32\DBGHELP.DLL
0x00007ffb0f9b0000 - 0x00007ffb0f9e4000 	C:\Windows\SYSTEM32\dbgcore.DLL
0x00007ffb34750000 - 0x00007ffb347d2000 	C:\Windows\System32\bcryptPrimitives.dll
0x00007ffb26970000 - 0x00007ffb26995000 	C:\Program Files\Java\jdk-17\bin\java.dll
0x00007ffb26660000 - 0x00007ffb26737000 	C:\Program Files\Java\jdk-17\bin\jsvml.dll
0x00007ffb36370000 - 0x00007ffb36ab4000 	C:\Windows\System32\SHELL32.dll
0x00007ffb324c0000 - 0x00007ffb32c5b000 	C:\Windows\SYSTEM32\windows.storage.dll
0x00007ffb35d50000 - 0x00007ffb360a4000 	C:\Windows\System32\combase.dll
0x00007ffb34190000 - 0x00007ffb341bd000 	C:\Windows\SYSTEM32\Wldp.dll
0x00007ffb36bb0000 - 0x00007ffb36c5d000 	C:\Windows\System32\SHCORE.dll
0x00007ffb352f0000 - 0x00007ffb35345000 	C:\Windows\System32\shlwapi.dll
0x00007ffb34680000 - 0x00007ffb346a5000 	C:\Windows\SYSTEM32\profapi.dll
0x00007ffb26640000 - 0x00007ffb26659000 	C:\Program Files\Java\jdk-17\bin\net.dll
0x00007ffb2ec40000 - 0x00007ffb2ed4a000 	C:\Windows\SYSTEM32\WINHTTP.dll
0x00007ffb33ef0000 - 0x00007ffb33f5a000 	C:\Windows\system32\mswsock.dll
0x00007ffb26620000 - 0x00007ffb26636000 	C:\Program Files\Java\jdk-17\bin\nio.dll
0x00007ffb26600000 - 0x00007ffb26618000 	C:\Program Files\Java\jdk-17\bin\zip.dll
0x00007ffb33be0000 - 0x00007ffb33caa000 	C:\Windows\SYSTEM32\DNSAPI.dll
0x00007ffb33b90000 - 0x00007ffb33bcb000 	C:\Windows\SYSTEM32\IPHLPAPI.DLL
0x00007ffb35130000 - 0x00007ffb35138000 	C:\Windows\System32\NSI.dll
0x00007ffb28c40000 - 0x00007ffb28c4a000 	C:\Windows\System32\rasadhlp.dll
0x00007ffb21cf0000 - 0x00007ffb21d72000 	C:\Windows\System32\fwpuclnt.dll
0x00007ffb34bf0000 - 0x00007ffb34c17000 	C:\Windows\System32\bcrypt.dll
0x00007ffb340e0000 - 0x00007ffb340f8000 	C:\Windows\SYSTEM32\CRYPTSP.dll
0x00007ffb33790000 - 0x00007ffb337c4000 	C:\Windows\system32\rsaenh.dll
0x00007ffb34640000 - 0x00007ffb3466e000 	C:\Windows\SYSTEM32\USERENV.dll
0x00007ffb34100000 - 0x00007ffb3410c000 	C:\Windows\SYSTEM32\CRYPTBASE.dll
0x00007ffb29b80000 - 0x00007ffb29b97000 	C:\Windows\SYSTEM32\dhcpcsvc6.DLL
0x00007ffb29c30000 - 0x00007ffb29c4d000 	C:\Windows\SYSTEM32\dhcpcsvc.DLL
0x00007ffb265e0000 - 0x00007ffb265ee000 	C:\Program Files\Java\jdk-17\bin\sunmscapi.dll
0x00007ffb348d0000 - 0x00007ffb34a2d000 	C:\Windows\System32\CRYPT32.dll
0x00007ffb34200000 - 0x00007ffb34227000 	C:\Windows\SYSTEM32\ncrypt.dll
0x00007ffb341c0000 - 0x00007ffb341fb000 	C:\Windows\SYSTEM32\NTASN1.dll
0x00007ffb14180000 - 0x00007ffb14187000 	C:\Windows\system32\wshunix.dll

dbghelp: loaded successfully - version: 4.0.5 - missing functions: none
symbol engine: initialized successfully - sym options: 0x614 - pdb path: .;C:\Program Files\Java\jdk-17\bin;C:\Windows\SYSTEM32;C:\Windows\WinSxS\amd64_microsoft.windows.common-controls_6595b64144ccf1df_6.0.19041.3570_none_60bb2a3971f3e41a;C:\Program Files\Java\jdk-17\bin\server

VM Arguments:
jvm_args: -ea -Dfile.encoding=UTF-8 -Dstdout.encoding=UTF-8 -Dstderr.encoding=UTF-8 -XX:+ShowCodeDetailsInExceptionMessages 
java_command: org.testng.remote.RemoteTestNG -serport 54653 -protocol json -d C:\Users\User\eclipse-workspace\Webportal\test-output C:\Users\User\AppData\Local\Temp\testng-eclipse-1979881822\testng-customsuite.xml
java_class_path (initial): C:\Users\User\eclipse\java-2023-09\eclipse\configuration\org.eclipse.osgi\521\0\.cp\lib\testng-remote.jar;C:\Users\User\eclipse-workspace\Webportal\target\test-classes;C:\Users\User\eclipse-workspace\Webportal\target\classes;C:\Users\User\.p2\pool\plugins\org.testng_7.4.0.r202105021533.jar;C:\Users\User\.p2\pool\plugins\com.beust.jcommander_1.78.0.jar;C:\Users\User\.p2\pool\plugins\org.apache-extras.beanshell.bsh_2.0.0.b6.jar;C:\Users\User\.p2\pool\plugins\org.yaml.snakeyaml_1.21.0.jar;C:\Users\User\.p2\pool\plugins\org.webjars.jquery_3.5.1.jar;C:\Users\User\.m2\repository\org\seleniumhq\selenium\selenium-java\4.15.0\selenium-java-4.15.0.jar;C:\Users\User\.m2\repository\org\seleniumhq\selenium\selenium-api\4.15.0\selenium-api-4.15.0.jar;C:\Users\User\.m2\repository\org\seleniumhq\selenium\selenium-chrome-driver\4.15.0\selenium-chrome-driver-4.15.0.jar;C:\Users\User\.m2\repository\com\google\auto\service\auto-service-annotations\1.1.1\auto-service-annotations-1.1.1.jar;C:\Users\User\.m2\repository\org\seleniumhq\selenium\selenium-chromium-driver\4.15.0\selenium-chromium-driver-4.15.0.jar;C:\Users\User\.m2\repository\org\seleniumhq\selenium\selenium-json\4.15.0\selenium-json-4.15.0.jar;C:\Users\User\.m2\repository\org\seleniumhq\selenium\selenium-manager\4.15.0\selenium-manager-4.15.0.jar;C:\Users\User\.m2\repository\org\seleniumhq\selenium\selenium-devtools-v117\4.15.0\selenium-devtools-v117-4.15.0.jar;C:\Users\User\.m2\repository\org\seleniumhq\selenium\selenium-devtools-v118\4.15.0\selenium-devtools-v118-4.15.0.jar;C:\Users\User\.m2\repository\org\seleniumhq\selenium\selenium-devtools-v119\4.15.0\selenium-devtools-v119-4.15.0.jar;C:\Users\User\.m2\repository\org\seleniumhq\selenium\selenium-devtools-v85\4.15.0\selenium-devtools-v85-4.15.0.jar;C:\Users\User\.m2\repository\org\seleniumhq\selenium\selenium-edge-driver\4.15.0\selenium-edge-driver-4.15.0.jar;C:\Users\User\.m2\repository\org\seleniumhq\selenium\selenium-firefox-driver\4.15.0\
Launcher Type: SUN_STANDARD

[Global flags]
     intx CICompilerCount                          = 4                                         {product} {ergonomic}
     uint ConcGCThreads                            = 2                                         {product} {ergonomic}
     uint G1ConcRefinementThreads                  = 8                                         {product} {ergonomic}
   size_t G1HeapRegionSize                         = 1048576                                   {product} {ergonomic}
    uintx GCDrainStackTargetSize                   = 64                                        {product} {ergonomic}
   size_t InitialHeapSize                          = 130023424                                 {product} {ergonomic}
   size_t MarkStackSize                            = 4194304                                   {product} {ergonomic}
   size_t MaxHeapSize                              = 2078277632                                {product} {ergonomic}
   size_t MaxNewSize                               = 1246756864                                {product} {ergonomic}
   size_t MinHeapDeltaBytes                        = 1048576                                   {product} {ergonomic}
   size_t MinHeapSize                              = 8388608                                   {product} {ergonomic}
    uintx NonNMethodCodeHeapSize                   = 5839372                                {pd product} {ergonomic}
    uintx NonProfiledCodeHeapSize                  = 122909434                              {pd product} {ergonomic}
    uintx ProfiledCodeHeapSize                     = 122909434                              {pd product} {ergonomic}
    uintx ReservedCodeCacheSize                    = 251658240                              {pd product} {ergonomic}
     bool SegmentedCodeCache                       = true                                      {product} {ergonomic}
     bool ShowCodeDetailsInExceptionMessages       = true                                   {manageable} {command line}
   size_t SoftMaxHeapSize                          = 2078277632                             {manageable} {ergonomic}
     bool UseCompressedClassPointers               = true                           {product lp64_product} {ergonomic}
     bool UseCompressedOops                        = true                           {product lp64_product} {ergonomic}
     bool UseG1GC                                  = true                                      {product} {ergonomic}
     bool UseLargePagesIndividualAllocation        = false                                  {pd product} {ergonomic}

Logging:
Log output configuration:
 #0: stdout all=warning uptime,level,tags
 #1: stderr all=off uptime,level,tags

Environment Variables:
JAVA_HOME=C:\Program Files\Java\jdk-17
PATH=C:\Program Files\Common Files\Oracle\Java\javapath;C:\Program Files\Java\jdk1.8.0_202\bin;C:\Windows\system32;C:\Windows;C:\Windows\System32\Wbem;C:\Windows\System32\WindowsPowerShell\v1.0\;C:\Windows\System32\OpenSSH\;C:\Users\User\AppData\Local\Android\Sdk;C:\Users\User\AppData\Local\Android\Sdk\tools\lib\x86_64;C:\Users\User\AppData\Local\Android\Sdk\tools;C:\Users\User\AppData\Local\Android\Sdk\platform-tools;C:\Users\User\AppData\Local\Android\Sdk\build-tools;C:\Program Files\Java\jdk-17;C:\Users\User\AppData\Local\Android\Sdk;C:\Users\User\AppData\Roaming\fire-flink-client\JDK\jdk-11;C:\Users\User\AppData\Roaming\fire-flink-client\JDK\jdk-11\bin;C:\Users\User\AppData\Local\Android\Sdk\tools;C:\Users\User\AppData\Local\Android\Sdk\platform-tools;C:\Users\User\AppData\Local\Android\Sdk\build-tools;C:\Users\User\AppData\Local\Android\Sdk\tools\lib\x86_64;
USERNAME=Bharath
OS=Windows_NT
PROCESSOR_IDENTIFIER=Intel64 Family 6 Model 140 Stepping 1, GenuineIntel



---------------  S Y S T E M  ---------------

OS:
 Windows 10 , 64 bit Build 19041 (10.0.19041.3570)
OS uptime: 14 days 5:55 hours

CPU: total 8 (initial active 8) (4 cores per cpu, 2 threads per core) family 6 model 140 stepping 1 microcode 0xac, cx8, cmov, fxsr, ht, mmx, 3dnowpref, sse, sse2, sse3, ssse3, sse4.1, sse4.2, popcnt, lzcnt, tsc, tscinvbit, avx, avx2, aes, erms, clmul, bmi1, bmi2, adx, avx512f, avx512dq, avx512cd, avx512bw, avx512vl, sha, fma, vzeroupper, avx512_vpopcntdq, avx512_vpclmulqdq, avx512_vaes, avx512_vnni, clflush, clflushopt, clwb, avx512_vbmi2, avx512_vbmi

Memory: 4k page, system-wide physical 7920M (464M free)
TotalPageFile size 32496M (AvailPageFile size 50M)
current process WorkingSet (physical memory assigned to process): 113M, peak: 116M
current process commit charge ("private bytes"): 251M, peak: 253M

vm_info: Java HotSpot(TM) 64-Bit Server VM (17.0.9+11-LTS-201) for windows-amd64 JRE (17.0.9+11-LTS-201), built on Oct 10 2023 23:16:06 by "mach5one" with MS VC++ 17.1 (VS2022)

END.
